#
# A fatal error has been detected by the Java Runtime Environment:
#
#  SIGSEGV (0xb) at pc=0x00007fdf5dbd0754, pid=2976864, tid=0x00007fdfe0599700
#
# JRE version: Java(TM) SE Runtime Environment (8.0_201-b09) (build 1.8.0_201-b09)
# Java VM: Java HotSpot(TM) 64-Bit Server VM (25.201-b09 mixed mode linux-amd64 compressed oops)
# Problematic frame:
# C  [libxcb.so.1+0xc754]  xcb_send_request_with_fds64+0x14
#
# Core dump written. Default location: /home/bresilla/DATA/CODE/PROJECTS/bresilla/website/content/core or core.2976864
#
# If you would like to submit a bug report, please visit:
#   http://bugreport.java.com/bugreport/crash.jsp
# The crash happened outside the Java Virtual Machine in native code.
# See problematic frame for where to report the bug.
#

---------------  T H R E A D  ---------------

Current thread (0x00007fdfdc00b800):  JavaThread "main" [_thread_in_native, id=2976866, stack(0x00007fdfe049a000,0x00007fdfe059a000)]

siginfo: si_signo: 11 (SIGSEGV), si_code: 1 (SEGV_MAPERR), si_addr: 0x0000000000000000

Registers:
RAX=0x00007fdfe0598420, RBX=0x0000000000000000, RCX=0x00007fdfe1ad7ca0, RDX=0x00007fdfe0598470
RSP=0x00007fdfe0598360, RBP=0x0000000000000000, RSI=0x0000000000000000, RDI=0x0000000000000000
R8 =0x0000000000000000, R9 =0x0000000000000000, R10=0x0000000001a006f1, R11=0x0000000000000015
R12=0x0000000000000000, R13=0x00000000000001e7, R14=0x0000000000000048, R15=0x0000000001a006f0
RIP=0x00007fdf5dbd0754, EFLAGS=0x0000000000010206, CSGSFS=0x002b000000000033, ERR=0x0000000000000004
  TRAPNO=0x000000000000000e

Top of Stack: (sp=0x00007fdfe0598360)
0x00007fdfe0598360:   00007fdfdcedda40 00007fdf5dc4ddb9
0x00007fdfe0598370:   00007fdfdc00b9f8 00007fdfdcdc4440
0x00007fdfe0598380:   00007fdfde2a49d0 00007fdf5dc1f17f
0x00007fdfe0598390:   000000004d430001 00007fdfdcdc4520
0x00007fdfe05983a0:   0000000000000228 00007fdf5dc73221
0x00007fdfe05983b0:   000000004d430001 0000000000000000
0x00007fdfe05983c0:   000000004d430001 88aa25434416e900
0x00007fdfe05983d0:   00007fdfdcdfb9f0 0000000000000000
0x00007fdfe05983e0:   0000000000000000 00000000000001e7
0x00007fdfe05983f0:   00000000000001e7 0000000000000048
0x00007fdfe0598400:   0000000001a006f0 00007fdf5dbd0e89
0x00007fdfe0598410:   000000004d430001 00007fdfe1ad534e
0x00007fdfe0598420:   01a006ef00000008 08200ef001a006f1
0x00007fdfe0598430:   0015006e004801e7 00000218004801e7
0x00007fdfe0598440:   0000000001a006f0 0000000000000000
0x00007fdfe0598450:   0000000000000000 0000000000000000
0x00007fdfe0598460:   00007fdfde2a4660 88aa25434416e900
0x00007fdfe0598470:   00007fdfe0598420 0000000000000028
0x00007fdfe0598480:   0000000000000000 0000000000000000
0x00007fdfe0598490:   000000004d430001 88aa25434416e900
0x00007fdfe05984a0:   0000000000000008 00007fdf5d77dd7c
0x00007fdfe05984b0:   0000000000000048 000000000000006e
0x00007fdfe05984c0:   0000000000000015 00000000000001e7
0x00007fdfe05984d0:   0000000000000048 0000000000000018
0x00007fdfe05984e0:   0000000000000002 0000000000000000
0x00007fdfe05984f0:   0000000001a006f0 0000000000000000
0x00007fdfe0598500:   0000000000000001 000000000000006e
0x00007fdfe0598510:   00007fdfe05985d0 0000000000000000
0x00007fdfe0598520:   0000000000000015 00007fdfe05985b8
0x00007fdfe0598530:   00007fdfdc00b800 00007fdfce1a220f
0x00007fdfe0598540:   0000000000000820 00000000000001e7
0x00007fdfe0598550:   0000000000000048 000000000000006e 

Instructions: (pc=0x00007fdf5dbd0754)
0x00007fdf5dbd0734:   00 00 eb 9e 0f 1f 84 00 00 00 00 00 41 57 41 56
0x00007fdf5dbd0744:   41 55 41 54 45 89 c4 55 53 4c 89 cb 48 83 ec 78
0x00007fdf5dbd0754:   44 8b 3f 89 74 24 2c 48 89 4c 24 20 64 48 8b 04
0x00007fdf5dbd0764:   25 28 00 00 00 48 89 44 24 68 31 c0 45 85 ff 0f 

Register to memory mapping:

RAX=0x00007fdfe0598420 is pointing into the stack for thread: 0x00007fdfdc00b800
RBX=0x0000000000000000 is an unknown value
RCX=0x00007fdfe1ad7ca0: <offset 0x3ca0> in /opt/bitwig-studio/lib/bitwig-studio/libxcb-shm.so.0 at 0x00007fdfe1ad4000
RDX=0x00007fdfe0598470 is pointing into the stack for thread: 0x00007fdfdc00b800
RSP=0x00007fdfe0598360 is pointing into the stack for thread: 0x00007fdfdc00b800
RBP=0x0000000000000000 is an unknown value
RSI=0x0000000000000000 is an unknown value
RDI=0x0000000000000000 is an unknown value
R8 =0x0000000000000000 is an unknown value
R9 =0x0000000000000000 is an unknown value
R10=0x0000000001a006f1 is an unknown value
R11=0x0000000000000015 is an unknown value
R12=0x0000000000000000 is an unknown value
R13=0x00000000000001e7 is an unknown value
R14=0x0000000000000048 is an unknown value
R15=0x0000000001a006f0 is an unknown value


Stack: [0x00007fdfe049a000,0x00007fdfe059a000],  sp=0x00007fdfe0598360,  free space=1016k
Native frames: (J=compiled Java code, j=interpreted, Vv=VM code, C=native code)
C  [libxcb.so.1+0xc754]  xcb_send_request_with_fds64+0x14

Java frames: (J=compiled Java code, j=interpreted, Vv=VM code)
J 9001  com.bitwig.x11_windowing_system.X11ImageDoubleBuffer.putSharedMemoryImage(JIIIIIIIIIIIZ)V (0 bytes) @ 0x00007fdfce1a2195 [0x00007fdfce1a2100+0x95]
J 16558 C2 com.bitwig.x11_windowing_system.X11ImageDoubleBuffer.OgB(IIIIZ)V (493 bytes) @ 0x00007fdfcdbf2448 [0x00007fdfcdbf23c0+0x88]
J 21718 C2 com.bitwig.x11_windowing_system.X11TopLevelWindowHandle.OgB(Ljava/util/List;Z)V (368 bytes) @ 0x00007fdfceba9a68 [0x00007fdfceba98a0+0x1c8]
J 49147 C2 bJl.n_(Z)Z (398 bytes) @ 0x00007fdfd2c06c44 [0x00007fdfd2c062e0+0x964]
J 21395 C2 bJl.m3z(Z)Z (176 bytes) @ 0x00007fdfcfa2acbc [0x00007fdfcfa2ac20+0x9c]
J 15520 C2 bED.gQX(LcBr;)V (334 bytes) @ 0x00007fdfced6d50c [0x00007fdfced6cc60+0x8ac]
J 15518 C2 bED.Qkj(LcBr;)V (422 bytes) @ 0x00007fdfced69240 [0x00007fdfced68900+0x940]
J 15519 C2 com.bitwig.flt.app.ovw.Qkj(LcBr;)V (66 bytes) @ 0x00007fdfced623d8 [0x00007fdfced62240+0x198]
J 25210% C2 bED.Bgl()V (112 bytes) @ 0x00007fdfce666500 [0x00007fdfce6663c0+0x140]
j  com.bitwig.flt.app.BitwigStudioMain.main([Ljava/lang/String;)V+594
v  ~StubRoutines::call_stub

---------------  P R O C E S S  ---------------

Java Threads: ( => current thread )
  0x00007fdf80004800 JavaThread "SIGHUP handler" daemon [_thread_blocked, id=3589030, stack(0x00007fdf3cac7000,0x00007fdf3cbc8000)]
  0x00007fdf80003800 JavaThread "SIGHUP handler" daemon [_thread_blocked, id=3589003, stack(0x00007fdf3cdca000,0x00007fdf3cecb000)]
  0x00007fdfdcdd3800 JavaThread "KJB response sender for unfu" [_thread_blocked, id=3399366, stack(0x00007fdf3cecb000,0x00007fdf3cfcc000)]
  0x00007fdf2400f800 JavaThread "KJB request processor for unfu" [_thread_in_native, id=3399267, stack(0x00007fdf3cfcc000,0x00007fdf3d0cd000)]
  0x00007fdfdc630000 JavaThread "Undo change writer" [_thread_blocked, id=3154276, stack(0x00007fdf3c4c5000,0x00007fdf3c5c6000)]
  0x00007fdfdc62b000 JavaThread "Undo change writer" [_thread_blocked, id=3124862, stack(0x00007fdeceaf7000,0x00007fdecebf8000)]
  0x00007fded4034800 JavaThread "Cleaning up sample analysis cache..." [_thread_blocked, id=2978208, stack(0x00007fdece6f3000,0x00007fdece7f4000)]
  0x00007fded401d800 JavaThread "Timer-2" [_thread_blocked, id=2978206, stack(0x00007fdece8f5000,0x00007fdece9f6000)]
  0x00007fdfdcb8a800 JavaThread "GJA response sender for unfu" [_thread_blocked, id=2977687, stack(0x00007fdf0466f000,0x00007fdf04770000)]
  0x00007fdee4005800 JavaThread "Control Surface Session" [_thread_blocked, id=2977681, stack(0x00007fdecf7fa000,0x00007fdecf8fb000)]
  0x00007fdee4004800 JavaThread "Control Surface Session Reader" [_thread_in_native, id=2977680, stack(0x00007fdf3c7c6000,0x00007fdf3c8c7000)]
  0x00007fdfdcc58800 JavaThread "Scanning for controller scripts" [_thread_blocked, id=2977632, stack(0x00007fdf0417a000,0x00007fdf0427b000)]
  0x00007fdeec00e800 JavaThread "pool-2-thread-1" [_thread_blocked, id=2977630, stack(0x00007fdecf8fb000,0x00007fdecf9fc000)]
  0x00007fdfdc8f7000 JavaThread "Scanning for extensions" [_thread_blocked, id=2977629, stack(0x00007fdecfafd000,0x00007fdecfbfe000)]
  0x00007fdec4003800 JavaThread "GJA request processor for unfu" [_thread_in_native, id=2977625, stack(0x00007fdecf9fc000,0x00007fdecfafd000)]
  0x00007fdeec005800 JavaThread "Saving document project_three" [_thread_blocked, id=2977616, stack(0x00007fdecfdfe000,0x00007fdecfeff000)]
  0x00007fdeec004000 JavaThread "Saving document project_three" [_thread_blocked, id=2977615, stack(0x00007fdf04770000,0x00007fdf04871000)]
  0x00007fdfdd04c000 JavaThread "Checking for updates..." [_thread_blocked, id=2977614, stack(0x00007fdecfeff000,0x00007fded0000000)]
  0x00007fdeec002000 JavaThread "Saving document project_three" [_thread_blocked, id=2977613, stack(0x00007fdf04079000,0x00007fdf0417a000)]
  0x00007fdee0020000 JavaThread "inotify" [_thread_in_native, id=2977611, stack(0x00007fdf0427b000,0x00007fdf0437c000)]
  0x00007fdfdd04b000 JavaThread "Sending crash report..." [_thread_blocked, id=2977610, stack(0x00007fdf0437c000,0x00007fdf0447d000)]
  0x00007fdfdc66f000 JavaThread "Library Search Index Updater" [_thread_blocked, id=2977604, stack(0x00007fdf04871000,0x00007fdf04972000)]
  0x00007fdfdc670000 JavaThread "Convert loaded files" [_thread_blocked, id=2977603, stack(0x00007fdf3d0cd000,0x00007fdf3d1ce000)]
  0x00007fdef800c000 JavaThread "Exec Stream Pumper" daemon [_thread_in_native, id=2977599, stack(0x00007fdf079c3000,0x00007fdf07ac4000)]
  0x00007fdef800b000 JavaThread "Exec Stream Pumper" daemon [_thread_in_native, id=2977598, stack(0x00007fdf07ac4000,0x00007fdf07bc5000)]
  0x00007fdef8008000 JavaThread "process reaper" daemon [_thread_in_native, id=2977597, stack(0x00007fdf07bc5000,0x00007fdf07bfe000)]
  0x00007fdfdcee6800 JavaThread "Exec Default Executor" [_thread_blocked, id=2977595, stack(0x00007fdf07bfe000,0x00007fdf07cff000)]
  0x00007fdfdd046000 JavaThread "FileHierarchyProvider thread" [_thread_blocked, id=2977492, stack(0x00007fdf07eff000,0x00007fdf08000000)]
  0x00007fdfde299000 JavaThread "Java2D Disposer" daemon [_thread_blocked, id=2977422, stack(0x00007fdf3d5ee000,0x00007fdf3d6ef000)]
  0x00007fdfde1d1800 JavaThread "Batik CleanerThread" daemon [_thread_blocked, id=2977421, stack(0x00007fdf3dfed000,0x00007fdf3e0ee000)]
  0x00007fdfddfd6000 JavaThread "Frame Refresh Timer" [_thread_blocked, id=2977320, stack(0x00007fdf3f5fd000,0x00007fdf3f6fe000)]
  0x00007fdfddfd4800 JavaThread "libusb event thread" [_thread_in_native, id=2977319, stack(0x00007fdf3f6fe000,0x00007fdf3f7ff000)]
  0x00007fdfddfb0800 JavaThread "Library Search Query Executor" [_thread_blocked, id=2977315, stack(0x00007fdf5c35c000,0x00007fdf5c45d000)]
  0x00007fdfddf9f000 JavaThread "Server" [_thread_in_native, id=2977314, stack(0x00007fdf5c45d000,0x00007fdf5c55e000)]
  0x00007fdfddf7f800 JavaThread "Note Off Timer" [_thread_blocked, id=2977313, stack(0x00007fdf5c55e000,0x00007fdf5c65f000)]
  0x00007fdfddf1b000 JavaThread "X11 Event thread for display :0" [_thread_blocked, id=2977311, stack(0x00007fdf5c85f000,0x00007fdf5c960000)]
  0x00007fdfddeab000 JavaThread "Timer-1" [_thread_blocked, id=2977310, stack(0x00007fdf5cb4d000,0x00007fdf5cc4e000)]
  0x00007fdfdde5c800 JavaThread "Preferences save thread" [_thread_blocked, id=2977309, stack(0x00007fdf67aff000,0x00007fdf67c00000)]
  0x00007fdfddb97000 JavaThread "pool-1-thread-1" [_thread_blocked, id=2977304, stack(0x00007fdfa403c000,0x00007fdfa413d000)]
  0x00007fdfdc333800 JavaThread "Timer-0" [_thread_blocked, id=2976945, stack(0x00007fdfa513d000,0x00007fdfa523e000)]
  0x00007fdfdc332000 JavaThread "Default document timer" [_thread_blocked, id=2976944, stack(0x00007fdfa523e000,0x00007fdfa533f000)]
  0x00007fdfdc141000 JavaThread "Service Thread" daemon [_thread_blocked, id=2976904, stack(0x00007fdfa5714000,0x00007fdfa5815000)]
  0x00007fdfdc135800 JavaThread "C1 CompilerThread3" daemon [_thread_blocked, id=2976899, stack(0x00007fdfa5816000,0x00007fdfa5916000)]
  0x00007fdfdc133800 JavaThread "C2 CompilerThread2" daemon [_thread_blocked, id=2976898, stack(0x00007fdfa5917000,0x00007fdfa5a17000)]
  0x00007fdfdc131800 JavaThread "C2 CompilerThread1" daemon [_thread_blocked, id=2976897, stack(0x00007fdfa5a18000,0x00007fdfa5b18000)]
  0x00007fdfdc12f000 JavaThread "C2 CompilerThread0" daemon [_thread_blocked, id=2976896, stack(0x00007fdfa5b19000,0x00007fdfa5c19000)]
  0x00007fdfdc12d000 JavaThread "Signal Dispatcher" daemon [_thread_in_vm, id=2976895, stack(0x00007fdfa5c19000,0x00007fdfa5d1a000)]
  0x00007fdfdc12c000 JavaThread "Surrogate Locker Thread (Concurrent GC)" daemon [_thread_blocked, id=2976894, stack(0x00007fdfc408f000,0x00007fdfc4190000)]
  0x00007fdfdc0f8800 JavaThread "Finalizer" daemon [_thread_blocked, id=2976882, stack(0x00007fdfc4190000,0x00007fdfc4291000)]
  0x00007fdfdc0f6000 JavaThread "Reference Handler" daemon [_thread_blocked, id=2976881, stack(0x00007fdfc4291000,0x00007fdfc4392000)]
=>0x00007fdfdc00b800 JavaThread "main" [_thread_in_native, id=2976866, stack(0x00007fdfe049a000,0x00007fdfe059a000)]

Other Threads:
  0x00007fdfdc0ec800 VMThread [stack: 0x00007fdfc4393000,0x00007fdfc4493000] [id=2976880]
  0x00007fdfdc143800 WatcherThread [stack: 0x00007fdfa5614000,0x00007fdfa5714000] [id=2976905]

VM state:not at safepoint (normal execution)

VM Mutex/Monitor currently owned by a thread:  ([mutex/lock_event])
[0x00007fdfdc0089f0] Threads_lock - owner thread: 0x00007fdfdc12d000

heap address: 0x0000000080000000, size: 2048 MB, Compressed Oops mode: 32-bit
Narrow klass base: 0x0000000000000000, Narrow klass shift: 3
Compressed class space size: 1073741824 Address: 0x0000000100000000

Heap:
 par new generation   total 64768K, used 38418K [0x0000000080000000, 0x0000000084640000, 0x00000000a9990000)
  eden space 57600K,  66% used [0x0000000080000000, 0x000000008257dfd8, 0x0000000083840000)
  from space 7168K,   0% used [0x0000000083840000, 0x00000000838468d0, 0x0000000083f40000)
  to   space 7168K,   0% used [0x0000000083f40000, 0x0000000083f40000, 0x0000000084640000)
 concurrent mark-sweep generation total 258916K, used 166036K [0x00000000a9990000, 0x00000000b9669000, 0x0000000100000000)
 Metaspace       used 179196K, capacity 183566K, committed 183936K, reserved 1193984K
  class space    used 39303K, capacity 39978K, committed 40092K, reserved 1048576K

Card table byte_map: [0x00007fdfc7afe000,0x00007fdfc7eff000] byte_map_base: 0x00007fdfc76fe000

Marking Bits: (CMSBitMap*) 0x00007fdfdc094ee8
 Bits: [0x00007fdfc5dab000, 0x00007fdfc7344c00)

Mod Union Table: (CMSBitMap*) 0x00007fdfdc094fa8
 Bits: [0x00007fdfc5d54000, 0x00007fdfc5daa670)

Polling page: 0x00007fdfe1b2e000

CodeCache: size=245760Kb used=103984Kb max_used=104037Kb free=141775Kb
 bounds [0x00007fdfccde4000, 0x00007fdfd3464000, 0x00007fdfdbde4000]
 total_blobs=38763 nmethods=37527 adapters=1139
 compilation: enabled

Compilation events (10 events):
Event: 7152.772 Thread 0x00007fdfdc135800 53729       3       cpt::OgB (55 bytes)
Event: 7152.773 Thread 0x00007fdfdc135800 nmethod 53729 0x00007fdfcdf21150 code [0x00007fdfcdf21300, 0x00007fdfcdf218b8]
Event: 7159.060 Thread 0x00007fdfdc133800 53730       4       pEb::jxM (78 bytes)
Event: 7159.060 Thread 0x00007fdfdc12f000 53731       4       mad$$Lambda$757/459645558::accept (8 bytes)
Event: 7159.062 Thread 0x00007fdfdc133800 nmethod 53730 0x00007fdfcdf20e50 code [0x00007fdfcdf20fa0, 0x00007fdfcdf21038]
Event: 7159.067 Thread 0x00007fdfdc12f000 nmethod 53731 0x00007fdfd059a3d0 code [0x00007fdfd059a540, 0x00007fdfd059a748]
Event: 7230.956 Thread 0x00007fdfdc131800 53732       4       N2I::Qkj (40 bytes)
Event: 7230.961 Thread 0x00007fdfdc131800 nmethod 53732 0x00007fdfce54dcd0 code [0x00007fdfce54de20, 0x00007fdfce54df38]
Event: 7232.524 Thread 0x00007fdfdc12f000 53733       4       N2I::HOc (25 bytes)
Event: 7232.526 Thread 0x00007fdfdc12f000 nmethod 53733 0x00007fdfce468350 code [0x00007fdfce4684a0, 0x00007fdfce4684f8]

GC Heap History (10 events):
Event: 7214.223 GC heap before
{Heap before GC invocations=3408 (full 18):
 par new generation   total 64768K, used 57618K [0x0000000080000000, 0x0000000084640000, 0x00000000a9990000)
  eden space 57600K, 100% used [0x0000000080000000, 0x0000000083840000, 0x0000000083840000)
  from space 7168K,   0% used [0x0000000083f40000, 0x0000000083f44890, 0x0000000084640000)
  to   space 7168K,   0% used [0x0000000083840000, 0x0000000083840000, 0x0000000083f40000)
 concurrent mark-sweep generation total 258916K, used 166033K [0x00000000a9990000, 0x00000000b9669000, 0x0000000100000000)
 Metaspace       used 179187K, capacity 183566K, committed 183936K, reserved 1193984K
  class space    used 39302K, capacity 39978K, committed 40092K, reserved 1048576K
Event: 7214.226 GC heap after
Heap after GC invocations=3409 (full 18):
 par new generation   total 64768K, used 20K [0x0000000080000000, 0x0000000084640000, 0x00000000a9990000)
  eden space 57600K,   0% used [0x0000000080000000, 0x0000000080000000, 0x0000000083840000)
  from space 7168K,   0% used [0x0000000083840000, 0x0000000083845030, 0x0000000083f40000)
  to   space 7168K,   0% used [0x0000000083f40000, 0x0000000083f40000, 0x0000000084640000)
 concurrent mark-sweep generation total 258916K, used 166034K [0x00000000a9990000, 0x00000000b9669000, 0x0000000100000000)
 Metaspace       used 179187K, capacity 183566K, committed 183936K, reserved 1193984K
  class space    used 39302K, capacity 39978K, committed 40092K, reserved 1048576K
}
Event: 7218.556 GC heap before
{Heap before GC invocations=3409 (full 18):
 par new generation   total 64768K, used 57620K [0x0000000080000000, 0x0000000084640000, 0x00000000a9990000)
  eden space 57600K, 100% used [0x0000000080000000, 0x0000000083840000, 0x0000000083840000)
  from space 7168K,   0% used [0x0000000083840000, 0x0000000083845030, 0x0000000083f40000)
  to   space 7168K,   0% used [0x0000000083f40000, 0x0000000083f40000, 0x0000000084640000)
 concurrent mark-sweep generation total 258916K, used 166034K [0x00000000a9990000, 0x00000000b9669000, 0x0000000100000000)
 Metaspace       used 179187K, capacity 183566K, committed 183936K, reserved 1193984K
  class space    used 39302K, capacity 39978K, committed 40092K, reserved 1048576K
Event: 7218.559 GC heap after
Heap after GC invocations=3410 (full 18):
 par new generation   total 64768K, used 16K [0x0000000080000000, 0x0000000084640000, 0x00000000a9990000)
  eden space 57600K,   0% used [0x0000000080000000, 0x0000000080000000, 0x0000000083840000)
  from space 7168K,   0% used [0x0000000083f40000, 0x0000000083f44080, 0x0000000084640000)
  to   space 7168K,   0% used [0x0000000083840000, 0x0000000083840000, 0x0000000083f40000)
 concurrent mark-sweep generation total 258916K, used 166034K [0x00000000a9990000, 0x00000000b9669000, 0x0000000100000000)
 Metaspace       used 179187K, capacity 183566K, committed 183936K, reserved 1193984K
  class space    used 39302K, capacity 39978K, committed 40092K, reserved 1048576K
}
Event: 7222.908 GC heap before
{Heap before GC invocations=3410 (full 18):
 par new generation   total 64768K, used 57616K [0x0000000080000000, 0x0000000084640000, 0x00000000a9990000)
  eden space 57600K, 100% used [0x0000000080000000, 0x0000000083840000, 0x0000000083840000)
  from space 7168K,   0% used [0x0000000083f40000, 0x0000000083f44080, 0x0000000084640000)
  to   space 7168K,   0% used [0x0000000083840000, 0x0000000083840000, 0x0000000083f40000)
 concurrent mark-sweep generation total 258916K, used 166034K [0x00000000a9990000, 0x00000000b9669000, 0x0000000100000000)
 Metaspace       used 179187K, capacity 183566K, committed 183936K, reserved 1193984K
  class space    used 39302K, capacity 39978K, committed 40092K, reserved 1048576K
Event: 7222.912 GC heap after
Heap after GC invocations=3411 (full 18):
 par new generation   total 64768K, used 14K [0x0000000080000000, 0x0000000084640000, 0x00000000a9990000)
  eden space 57600K,   0% used [0x0000000080000000, 0x0000000080000000, 0x0000000083840000)
  from space 7168K,   0% used [0x0000000083840000, 0x0000000083843870, 0x0000000083f40000)
  to   space 7168K,   0% used [0x0000000083f40000, 0x0000000083f40000, 0x0000000084640000)
 concurrent mark-sweep generation total 258916K, used 166035K [0x00000000a9990000, 0x00000000b9669000, 0x0000000100000000)
 Metaspace       used 179187K, capacity 183566K, committed 183936K, reserved 1193984K
  class space    used 39302K, capacity 39978K, committed 40092K, reserved 1048576K
}
Event: 7231.120 GC heap before
{Heap before GC invocations=3411 (full 18):
 par new generation   total 64768K, used 57614K [0x0000000080000000, 0x0000000084640000, 0x00000000a9990000)
  eden space 57600K, 100% used [0x0000000080000000, 0x0000000083840000, 0x0000000083840000)
  from space 7168K,   0% used [0x0000000083840000, 0x0000000083843870, 0x0000000083f40000)
  to   space 7168K,   0% used [0x0000000083f40000, 0x0000000083f40000, 0x0000000084640000)
 concurrent mark-sweep generation total 258916K, used 166035K [0x00000000a9990000, 0x00000000b9669000, 0x0000000100000000)
 Metaspace       used 179187K, capacity 183566K, committed 183936K, reserved 1193984K
  class space    used 39302K, capacity 39978K, committed 40092K, reserved 1048576K
Event: 7231.126 GC heap after
Heap after GC invocations=3412 (full 18):
 par new generation   total 64768K, used 16K [0x0000000080000000, 0x0000000084640000, 0x00000000a9990000)
  eden space 57600K,   0% used [0x0000000080000000, 0x0000000080000000, 0x0000000083840000)
  from space 7168K,   0% used [0x0000000083f40000, 0x0000000083f44080, 0x0000000084640000)
  to   space 7168K,   0% used [0x0000000083840000, 0x0000000083840000, 0x0000000083f40000)
 concurrent mark-sweep generation total 258916K, used 166035K [0x00000000a9990000, 0x00000000b9669000, 0x0000000100000000)
 Metaspace       used 179187K, capacity 183566K, committed 183936K, reserved 1193984K
  class space    used 39302K, capacity 39978K, committed 40092K, reserved 1048576K
}
Event: 7239.098 GC heap before
{Heap before GC invocations=3412 (full 18):
 par new generation   total 64768K, used 57616K [0x0000000080000000, 0x0000000084640000, 0x00000000a9990000)
  eden space 57600K, 100% used [0x0000000080000000, 0x0000000083840000, 0x0000000083840000)
  from space 7168K,   0% used [0x0000000083f40000, 0x0000000083f44080, 0x0000000084640000)
  to   space 7168K,   0% used [0x0000000083840000, 0x0000000083840000, 0x0000000083f40000)
 concurrent mark-sweep generation total 258916K, used 166035K [0x00000000a9990000, 0x00000000b9669000, 0x0000000100000000)
 Metaspace       used 179187K, capacity 183566K, committed 183936K, reserved 1193984K
  class space    used 39302K, capacity 39978K, committed 40092K, reserved 1048576K
Event: 7239.103 GC heap after
Heap after GC invocations=3413 (full 18):
 par new generation   total 64768K, used 26K [0x0000000080000000, 0x0000000084640000, 0x00000000a9990000)
  eden space 57600K,   0% used [0x0000000080000000, 0x0000000080000000, 0x0000000083840000)
  from space 7168K,   0% used [0x0000000083840000, 0x00000000838468d0, 0x0000000083f40000)
  to   space 7168K,   0% used [0x0000000083f40000, 0x0000000083f40000, 0x0000000084640000)
 concurrent mark-sweep generation total 258916K, used 166036K [0x00000000a9990000, 0x00000000b9669000, 0x0000000100000000)
 Metaspace       used 179187K, capacity 183566K, committed 183936K, reserved 1193984K
  class space    used 39302K, capacity 39978K, committed 40092K, reserved 1048576K
}

Deoptimization events (10 events):
Event: 6594.984 Thread 0x00007fdfdc00b800 Uncommon trap: reason=class_check action=maybe_recompile pc=0x00007fdfd2d60cb4 method=Fzi.equals(Ljava/lang/Object;)Z @ 5
Event: 6594.985 Thread 0x00007fdfdc00b800 Uncommon trap: reason=class_check action=maybe_recompile pc=0x00007fdfd11e80b0 method=Ogf.hcr()V @ 211
Event: 6641.577 Thread 0x00007fdfdc00b800 Uncommon trap: reason=unstable_if action=reinterpret pc=0x00007fdfd13f4aa0 method=yf.gQX(Lcom/bitwig/graphics/ydy;)V @ 162
Event: 6646.238 Thread 0x00007fdfdc00b800 Uncommon trap: reason=class_check action=maybe_recompile pc=0x00007fdfd340bdbc method=yf.gQX(Lcom/bitwig/graphics/ydy;)V @ 183
Event: 6646.238 Thread 0x00007fdfdc00b800 Uncommon trap: reason=class_check action=maybe_recompile pc=0x00007fdfd340bdbc method=yf.gQX(Lcom/bitwig/graphics/ydy;)V @ 183
Event: 6646.251 Thread 0x00007fdfdc00b800 Uncommon trap: reason=class_check action=maybe_recompile pc=0x00007fdfd340bdbc method=yf.gQX(Lcom/bitwig/graphics/ydy;)V @ 183
Event: 6646.252 Thread 0x00007fdfdc00b800 Uncommon trap: reason=class_check action=maybe_recompile pc=0x00007fdfd340bdbc method=yf.gQX(Lcom/bitwig/graphics/ydy;)V @ 183
Event: 6927.473 Thread 0x00007fdfdc00b800 Uncommon trap: reason=unstable_if action=reinterpret pc=0x00007fdfd3109604 method=Rw.OgB(LbvP;Lcom/bitwig/ramona/core/Zzb;)V @ 183
Event: 7244.691 Thread 0x00007fdfdc12d000 Uncommon trap: reason=bimorphic action=maybe_recompile pc=0x00007fdfcd9d7a10 method=java.util.Hashtable.get(Ljava/lang/Object;)Ljava/lang/Object; @ 6
Event: 7244.691 Thread 0x00007fdfdc12d000 Uncommon trap: reason=bimorphic action=maybe_recompile pc=0x00007fdfcd9d7a10 method=java.util.Hashtable.get(Ljava/lang/Object;)Ljava/lang/Object; @ 6

Classes redefined (0 events):
No events

Internal exceptions (10 events):
Event: 6334.091 Thread 0x00007fdfdc00b800 Exception <a 'sun/nio/fs/UnixException'> (0x00000000828d5ca8) thrown at [/HUDSON/workspace/8-2-build-linux-amd64/jdk8u201/12317/hotspot/src/share/vm/prims/jni.cpp, line 709]
Event: 6488.240 Thread 0x00007fdeec004000 Exception <a 'sun/nio/fs/UnixException'> (0x0000000082705448) thrown at [/HUDSON/workspace/8-2-build-linux-amd64/jdk8u201/12317/hotspot/src/share/vm/prims/jni.cpp, line 709]
Event: 6488.273 Thread 0x00007fdfdc00b800 Exception <a 'sun/nio/fs/UnixException'> (0x0000000082800e40) thrown at [/HUDSON/workspace/8-2-build-linux-amd64/jdk8u201/12317/hotspot/src/share/vm/prims/jni.cpp, line 709]
Event: 6574.417 Thread 0x00007fdfdc00b800 Implicit null exception at 0x00007fdfce578eb8 to 0x00007fdfce578ee6
Event: 6574.417 Thread 0x00007fdfdc00b800 Implicit null exception at 0x00007fdfd195062c to 0x00007fdfd1954265
Event: 6574.430 Thread 0x00007fdfdc00b800 Exception <a 'java/io/FileNotFoundException'> (0x0000000082a7ca20) thrown at [/HUDSON/workspace/8-2-build-linux-amd64/jdk8u201/12317/hotspot/src/share/vm/prims/jni.cpp, line 709]
Event: 6664.164 Thread 0x00007fdfddb97000 Exception <a 'java/net/ConnectException'> (0x00000000801a4fd0) thrown at [/HUDSON/workspace/8-2-build-linux-amd64/jdk8u201/12317/hotspot/src/share/vm/prims/jni.cpp, line 709]
Event: 6664.164 Thread 0x00007fdfddb97000 Exception <a 'java/lang/ClassCastException': bBe cannot be cast to bBt> (0x00000000801acf20) thrown at [/HUDSON/workspace/8-2-build-linux-amd64/jdk8u201/12317/hotspot/src/share/vm/interpreter/interpreterRuntime.cpp, line 383]
Event: 7063.081 Thread 0x00007fdeec005800 Exception <a 'sun/nio/fs/UnixException'> (0x0000000080bc5470) thrown at [/HUDSON/workspace/8-2-build-linux-amd64/jdk8u201/12317/hotspot/src/share/vm/prims/jni.cpp, line 709]
Event: 7063.134 Thread 0x00007fdfdc00b800 Exception <a 'sun/nio/fs/UnixException'> (0x0000000080be8a10) thrown at [/HUDSON/workspace/8-2-build-linux-amd64/jdk8u201/12317/hotspot/src/share/vm/prims/jni.cpp, line 709]

Events (10 events):
Event: 7239.098 Executing VM operation: GenCollectForAllocation
Event: 7239.103 Executing VM operation: GenCollectForAllocation done
Event: 7244.691 Thread 0x00007fdfdc12d000 Uncommon trap: trap_request=0xffffffc6 fr.pc=0x00007fdfcd9d7a10
Event: 7244.691 Thread 0x00007fdfdc12d000 DEOPT PACKING pc=0x00007fdfcd9d7a10 sp=0x00007fdfa5d187b0
Event: 7244.691 Thread 0x00007fdfdc12d000 DEOPT UNPACKING pc=0x00007fdfcce2973a sp=0x00007fdfa5d18768 mode 2
Event: 7244.691 Thread 0x00007fdfdc12d000 Uncommon trap: trap_request=0xffffffc6 fr.pc=0x00007fdfcd9d7a10
Event: 7244.691 Thread 0x00007fdfdc12d000 DEOPT PACKING pc=0x00007fdfcd9d7a10 sp=0x00007fdfa5d187b0
Event: 7244.691 Thread 0x00007fdfdc12d000 DEOPT UNPACKING pc=0x00007fdfcce2973a sp=0x00007fdfa5d18768 mode 2
Event: 7244.691 loading class sun/misc/Signal$1
Event: 7244.692 loading class sun/misc/Signal$1 done


Dynamic libraries:
00400000-00401000 r-xp 00000000 00:18 7404508                            /opt/bitwig-studio/lib/jre/bin/java
00600000-00601000 r--p 00000000 00:18 7404508                            /opt/bitwig-studio/lib/jre/bin/java
00601000-00602000 rw-p 00001000 00:18 7404508                            /opt/bitwig-studio/lib/jre/bin/java
01df5000-03bab000 rw-p 00000000 00:00 0                                  [heap]
80000000-84640000 rw-p 00000000 00:00 0 
84640000-a9990000 ---p 00000000 00:00 0 
a9990000-b9669000 rw-p 00000000 00:00 0 
b9669000-100000000 ---p 00000000 00:00 0 
100000000-102727000 rw-p 00000000 00:00 0 
102727000-140000000 ---p 00000000 00:00 0 
7fdeb8000000-7fdeb8021000 rw-p 00000000 00:00 0 
7fdeb8021000-7fdebc000000 ---p 00000000 00:00 0 
7fdebc000000-7fdebc021000 rw-p 00000000 00:00 0 
7fdebc021000-7fdec0000000 ---p 00000000 00:00 0 
7fdec0000000-7fdec0023000 rw-p 00000000 00:00 0 
7fdec0023000-7fdec4000000 ---p 00000000 00:00 0 
7fdec4000000-7fdec4021000 rw-p 00000000 00:00 0 
7fdec4021000-7fdec8000000 ---p 00000000 00:00 0 
7fdec8000000-7fdec8021000 rw-p 00000000 00:00 0 
7fdec8021000-7fdecc000000 ---p 00000000 00:00 0 
7fdecd7f2000-7fdecd8b2000 rw-p 00000000 00:00 0 
7fdecd8b2000-7fdecd9f2000 ---p 00000000 00:00 0 
7fdecd9f2000-7fdecdbf2000 rw-s 00000000 00:1b 99                         /dev/shm/p5kRMLAMR6ISZ1WP2yElUg==
7fdecdbf2000-7fdecddf2000 rw-p 00000000 00:00 0 
7fdecddf2000-7fdecdff2000 rw-p 00000000 00:00 0 
7fdecdff2000-7fdece1f2000 rw-s 00000000 00:1b 81                         /dev/shm/FHkImR5svxn7E8oWIrSN2g==
7fdece1f2000-7fdece3f2000 rw-s 00000000 00:1b 75                         /dev/shm/uj4Z7Uc24U-pl2QMy4vfiA==
7fdece3f2000-7fdece5f2000 rw-s 00000000 00:1b 70                         /dev/shm/aqeM4uXOFDQVKkwnV07-uA==
7fdece5f2000-7fdece5f5000 ---p 00000000 00:00 0 
7fdece5f5000-7fdece6f3000 rw-p 00000000 00:00 0 
7fdece6f3000-7fdece6f6000 ---p 00000000 00:00 0 
7fdece6f6000-7fdece7f4000 rw-p 00000000 00:00 0 
7fdece7f4000-7fdece7f7000 ---p 00000000 00:00 0 
7fdece7f7000-7fdece8f5000 rw-p 00000000 00:00 0 
7fdece8f5000-7fdece8f8000 ---p 00000000 00:00 0 
7fdece8f8000-7fdece9f6000 rw-p 00000000 00:00 0 
7fdece9f6000-7fdece9f9000 ---p 00000000 00:00 0 
7fdece9f9000-7fdeceaf7000 rw-p 00000000 00:00 0 
7fdeceaf7000-7fdeceafa000 ---p 00000000 00:00 0 
7fdeceafa000-7fdecedf8000 rw-p 00000000 00:00 0 
7fdecedf8000-7fdeceff8000 rw-p 00000000 00:00 0 
7fdeceff8000-7fdecf1f8000 rw-p 00000000 00:00 0 
7fdecf1f8000-7fdecf5f8000 rw-p 00000000 00:00 0 
7fdecf5f8000-7fdecf5fb000 ---p 00000000 00:00 0 
7fdecf5fb000-7fdecf6f9000 rw-p 00000000 00:00 0 
7fdecf6f9000-7fdecf6fc000 ---p 00000000 00:00 0 
7fdecf6fc000-7fdecf7fa000 rw-p 00000000 00:00 0 
7fdecf7fa000-7fdecf7fd000 ---p 00000000 00:00 0 
7fdecf7fd000-7fdecf8fb000 rw-p 00000000 00:00 0 
7fdecf8fb000-7fdecf8fe000 ---p 00000000 00:00 0 
7fdecf8fe000-7fdecf9fc000 rw-p 00000000 00:00 0 
7fdecf9fc000-7fdecf9ff000 ---p 00000000 00:00 0 
7fdecf9ff000-7fdecfafd000 rw-p 00000000 00:00 0 
7fdecfafd000-7fdecfb00000 ---p 00000000 00:00 0 
7fdecfb00000-7fdecfdfe000 rw-p 00000000 00:00 0 
7fdecfdfe000-7fdecfe01000 ---p 00000000 00:00 0 
7fdecfe01000-7fdecfeff000 rw-p 00000000 00:00 0 
7fdecfeff000-7fdecff02000 ---p 00000000 00:00 0 
7fdecff02000-7fded0000000 rw-p 00000000 00:00 0 
7fded0000000-7fded0064000 rw-p 00000000 00:00 0 
7fded0064000-7fded4000000 ---p 00000000 00:00 0 
7fded4000000-7fded4056000 rw-p 00000000 00:00 0 
7fded4056000-7fded8000000 ---p 00000000 00:00 0 
7fded8000000-7fded8076000 rw-p 00000000 00:00 0 
7fded8076000-7fdedc000000 ---p 00000000 00:00 0 
7fdedc000000-7fdedc021000 rw-p 00000000 00:00 0 
7fdedc021000-7fdee0000000 ---p 00000000 00:00 0 
7fdee0000000-7fdee0062000 rw-p 00000000 00:00 0 
7fdee0062000-7fdee4000000 ---p 00000000 00:00 0 
7fdee4000000-7fdee4021000 rw-p 00000000 00:00 0 
7fdee4021000-7fdee8000000 ---p 00000000 00:00 0 
7fdee8000000-7fdee8032000 rw-p 00000000 00:00 0 
7fdee8032000-7fdeec000000 ---p 00000000 00:00 0 
7fdeec000000-7fdeec044000 rw-p 00000000 00:00 0 
7fdeec044000-7fdef0000000 ---p 00000000 00:00 0 
7fdef0000000-7fdef0021000 rw-p 00000000 00:00 0 
7fdef0021000-7fdef4000000 ---p 00000000 00:00 0 
7fdef4000000-7fdef4021000 rw-p 00000000 00:00 0 
7fdef4021000-7fdef8000000 ---p 00000000 00:00 0 
7fdef8000000-7fdef8021000 rw-p 00000000 00:00 0 
7fdef8021000-7fdefc000000 ---p 00000000 00:00 0 
7fdefc000000-7fdefc021000 rw-p 00000000 00:00 0 
7fdefc021000-7fdf00000000 ---p 00000000 00:00 0 
7fdf00000000-7fdf00021000 rw-p 00000000 00:00 0 
7fdf00021000-7fdf04000000 ---p 00000000 00:00 0 
7fdf04079000-7fdf0407c000 ---p 00000000 00:00 0 
7fdf0407c000-7fdf0417a000 rw-p 00000000 00:00 0 
7fdf0417a000-7fdf0417d000 ---p 00000000 00:00 0 
7fdf0417d000-7fdf0427b000 rw-p 00000000 00:00 0 
7fdf0427b000-7fdf0427e000 ---p 00000000 00:00 0 
7fdf0427e000-7fdf0437c000 rw-p 00000000 00:00 0 
7fdf0437c000-7fdf0437f000 ---p 00000000 00:00 0 
7fdf0437f000-7fdf0447d000 rw-p 00000000 00:00 0 
7fdf0447d000-7fdf04514000 r--p 00000000 00:18 7404454                    /opt/bitwig-studio/lib/bitwig-studio/libbase-file-notification-linux.so
7fdf04514000-7fdf045e4000 r-xp 00097000 00:18 7404454                    /opt/bitwig-studio/lib/bitwig-studio/libbase-file-notification-linux.so
7fdf045e4000-7fdf0465d000 r--p 00167000 00:18 7404454                    /opt/bitwig-studio/lib/bitwig-studio/libbase-file-notification-linux.so
7fdf0465d000-7fdf04669000 r--p 001df000 00:18 7404454                    /opt/bitwig-studio/lib/bitwig-studio/libbase-file-notification-linux.so
7fdf04669000-7fdf0466c000 rw-p 001eb000 00:18 7404454                    /opt/bitwig-studio/lib/bitwig-studio/libbase-file-notification-linux.so
7fdf0466c000-7fdf0466f000 rw-p 00000000 00:00 0 
7fdf0466f000-7fdf04672000 ---p 00000000 00:00 0 
7fdf04672000-7fdf04770000 rw-p 00000000 00:00 0 
7fdf04770000-7fdf04773000 ---p 00000000 00:00 0 
7fdf04773000-7fdf04871000 rw-p 00000000 00:00 0 
7fdf04871000-7fdf04874000 ---p 00000000 00:00 0 
7fdf04874000-7fdf04972000 rw-p 00000000 00:00 0 
7fdf04b14000-7fdf04b32000 r--p 00000000 00:18 7408337                    /opt/bitwig-studio/resources/fonts/SourceCodePro-Regular.ttf
7fdf04b32000-7fdf04d32000 rw-p 00000000 00:00 0 
7fdf04d32000-7fdf04f32000 rw-p 00000000 00:00 0 
7fdf04f32000-7fdf05132000 rw-p 00000000 00:00 0 
7fdf05132000-7fdf05532000 rw-p 00000000 00:00 0 
7fdf05532000-7fdf05932000 rw-p 00000000 00:00 0 
7fdf05932000-7fdf05b32000 rw-p 00000000 00:00 0 
7fdf05b32000-7fdf0798a000 rw-s 00000000 00:01 196644                     /SYSV00000000 (deleted)
7fdf0798a000-7fdf0798d000 ---p 00000000 00:00 0 
7fdf0798d000-7fdf079c3000 rw-p 00000000 00:00 0 
7fdf079c3000-7fdf079c6000 ---p 00000000 00:00 0 
7fdf079c6000-7fdf07ac4000 rw-p 00000000 00:00 0 
7fdf07ac4000-7fdf07ac7000 ---p 00000000 00:00 0 
7fdf07ac7000-7fdf07bc5000 rw-p 00000000 00:00 0 
7fdf07bc5000-7fdf07bc8000 ---p 00000000 00:00 0 
7fdf07bc8000-7fdf07bfe000 rw-p 00000000 00:00 0 
7fdf07bfe000-7fdf07c01000 ---p 00000000 00:00 0 
7fdf07c01000-7fdf07eff000 rw-p 00000000 00:00 0 
7fdf07eff000-7fdf07f02000 ---p 00000000 00:00 0 
7fdf07f02000-7fdf08000000 rw-p 00000000 00:00 0 
7fdf08000000-7fdf08021000 rw-p 00000000 00:00 0 
7fdf08021000-7fdf0c000000 ---p 00000000 00:00 0 
7fdf0c000000-7fdf0c03f000 rw-p 00000000 00:00 0 
7fdf0c03f000-7fdf10000000 ---p 00000000 00:00 0 
7fdf10000000-7fdf10021000 rw-p 00000000 00:00 0 
7fdf10021000-7fdf14000000 ---p 00000000 00:00 0 
7fdf14000000-7fdf1404a000 rw-p 00000000 00:00 0 
7fdf1404a000-7fdf18000000 ---p 00000000 00:00 0 
7fdf18000000-7fdf180af000 rw-p 00000000 00:00 0 
7fdf180af000-7fdf1c000000 ---p 00000000 00:00 0 
7fdf1c000000-7fdf1c0df000 rw-p 00000000 00:00 0 
7fdf1c0df000-7fdf20000000 ---p 00000000 00:00 0 
7fdf20000000-7fdf20032000 rw-p 00000000 00:00 0 
7fdf20032000-7fdf24000000 ---p 00000000 00:00 0 
7fdf24000000-7fdf2407d000 rw-p 00000000 00:00 0 
7fdf2407d000-7fdf28000000 ---p 00000000 00:00 0 
7fdf28000000-7fdf28021000 rw-p 00000000 00:00 0 
7fdf28021000-7fdf2c000000 ---p 00000000 00:00 0 
7fdf2c000000-7fdf2c1f5000 rw-p 00000000 00:00 0 
7fdf2c1f5000-7fdf30000000 ---p 00000000 00:00 0 
7fdf30000000-7fdf3043d000 rw-p 00000000 00:00 0 
7fdf3043d000-7fdf34000000 ---p 00000000 00:00 0 
7fdf34000000-7fdf34021000 rw-p 00000000 00:00 0 
7fdf34021000-7fdf38000000 ---p 00000000 00:00 0 
7fdf38000000-7fdf38021000 rw-p 00000000 00:00 0 
7fdf38021000-7fdf3c000000 ---p 00000000 00:00 0 
7fdf3c015000-7fdf3c028000 r--s 00345000 00:18 7404837                    /opt/bitwig-studio/lib/jre/lib/resources.jar
7fdf3c028000-7fdf3c029000 rw-s 00000000 00:1b 98                         /dev/shm/FFdEuE (deleted)
7fdf3c029000-7fdf3c0c5000 r--p 00000000 00:18 7408317                    /opt/bitwig-studio/resources/fonts/Lato-Medium.ttf
7fdf3c0c5000-7fdf3c2c5000 rw-p 00000000 00:00 0 
7fdf3c2c5000-7fdf3c4bc000 rw-p 00000000 00:00 0 
7fdf3c4bc000-7fdf3c4c5000 ---p 00000000 00:00 0 
7fdf3c4c5000-7fdf3c4c8000 ---p 00000000 00:00 0 
7fdf3c4c8000-7fdf3c7c6000 rw-p 00000000 00:00 0 
7fdf3c7c6000-7fdf3c7c9000 ---p 00000000 00:00 0 
7fdf3c7c9000-7fdf3cac7000 rw-p 00000000 00:00 0 
7fdf3cac7000-7fdf3caca000 ---p 00000000 00:00 0 
7fdf3caca000-7fdf3cbc8000 rw-p 00000000 00:00 0 
7fdf3cbc8000-7fdf3cbcb000 ---p 00000000 00:00 0 
7fdf3cbcb000-7fdf3ccc9000 rw-p 00000000 00:00 0 
7fdf3ccc9000-7fdf3cccc000 ---p 00000000 00:00 0 
7fdf3cccc000-7fdf3cdca000 rw-p 00000000 00:00 0 
7fdf3cdca000-7fdf3cdcd000 ---p 00000000 00:00 0 
7fdf3cdcd000-7fdf3cecb000 rw-p 00000000 00:00 0 
7fdf3cecb000-7fdf3cece000 ---p 00000000 00:00 0 
7fdf3cece000-7fdf3cfcc000 rw-p 00000000 00:00 0 
7fdf3cfcc000-7fdf3cfcf000 ---p 00000000 00:00 0 
7fdf3cfcf000-7fdf3d0cd000 rw-p 00000000 00:00 0 
7fdf3d0cd000-7fdf3d0d0000 ---p 00000000 00:00 0 
7fdf3d0d0000-7fdf3d1ce000 rw-p 00000000 00:00 0 
7fdf3d1ce000-7fdf3d27f000 r--p 00000000 00:18 7408315                    /opt/bitwig-studio/resources/fonts/Lato-Italic.ttf
7fdf3d27f000-7fdf3d323000 r--p 00000000 00:18 7408319                    /opt/bitwig-studio/resources/fonts/Lato-Semibold.ttf
7fdf3d323000-7fdf3d3c1000 r--p 00000000 00:18 7408316                    /opt/bitwig-studio/resources/fonts/Lato-Light.ttf
7fdf3d3c1000-7fdf3d3eb000 r-xp 00000000 00:18 7404537                    /opt/bitwig-studio/lib/jre/lib/amd64/libdcpr.so
7fdf3d3eb000-7fdf3d5ea000 ---p 0002a000 00:18 7404537                    /opt/bitwig-studio/lib/jre/lib/amd64/libdcpr.so
7fdf3d5ea000-7fdf3d5eb000 r--p 00029000 00:18 7404537                    /opt/bitwig-studio/lib/jre/lib/amd64/libdcpr.so
7fdf3d5eb000-7fdf3d5ee000 rw-p 0002a000 00:18 7404537                    /opt/bitwig-studio/lib/jre/lib/amd64/libdcpr.so
7fdf3d5ee000-7fdf3d5f1000 ---p 00000000 00:00 0 
7fdf3d5f1000-7fdf3d8ef000 rw-p 00000000 00:00 0 
7fdf3d8ef000-7fdf3dae1000 rw-p 00000000 00:00 0 
7fdf3dae1000-7fdf3daef000 ---p 00000000 00:00 0 
7fdf3daef000-7fdf3daf6000 r-xp 00000000 00:18 7404534                    /opt/bitwig-studio/lib/jre/lib/amd64/libawt_headless.so
7fdf3daf6000-7fdf3dcf5000 ---p 00007000 00:18 7404534                    /opt/bitwig-studio/lib/jre/lib/amd64/libawt_headless.so
7fdf3dcf5000-7fdf3dcf6000 r--p 00006000 00:18 7404534                    /opt/bitwig-studio/lib/jre/lib/amd64/libawt_headless.so
7fdf3dcf6000-7fdf3dcf7000 rw-p 00007000 00:18 7404534                    /opt/bitwig-studio/lib/jre/lib/amd64/libawt_headless.so
7fdf3dcf7000-7fdf3dd97000 r-xp 00000000 00:18 7404533                    /opt/bitwig-studio/lib/jre/lib/amd64/libawt.so
7fdf3dd97000-7fdf3df96000 ---p 000a0000 00:18 7404533                    /opt/bitwig-studio/lib/jre/lib/amd64/libawt.so
7fdf3df96000-7fdf3df97000 r--p 0009f000 00:18 7404533                    /opt/bitwig-studio/lib/jre/lib/amd64/libawt.so
7fdf3df97000-7fdf3dfa2000 rw-p 000a0000 00:18 7404533                    /opt/bitwig-studio/lib/jre/lib/amd64/libawt.so
7fdf3dfa2000-7fdf3dfc7000 rw-p 00000000 00:00 0 
7fdf3dfc7000-7fdf3dfd1000 r--s 00116000 00:18 7404719                    /opt/bitwig-studio/lib/jre/lib/ext/localedata.jar
7fdf3dfd1000-7fdf3dfed000 r--s 00393000 00:18 7404715                    /opt/bitwig-studio/lib/jre/lib/ext/cldrdata.jar
7fdf3dfed000-7fdf3dff0000 ---p 00000000 00:00 0 
7fdf3dff0000-7fdf3e2ea000 rw-p 00000000 00:00 0 
7fdf3e2ea000-7fdf3e2ee000 ---p 00000000 00:00 0 
7fdf3e2ee000-7fdf3e2f8000 r--p 00000000 00:18 7408335                    /opt/bitwig-studio/resources/fonts/NotoSansThai-Regular.ttf
7fdf3e2f8000-7fdf3e322000 r--p 00000000 00:18 7408334                    /opt/bitwig-studio/resources/fonts/NotoSansTelugu-Regular.ttf
7fdf3e322000-7fdf3e334000 r--p 00000000 00:18 7408333                    /opt/bitwig-studio/resources/fonts/NotoSansTamil-Regular.ttf
7fdf3e334000-7fdf3e337000 r--p 00000000 00:18 7408332                    /opt/bitwig-studio/resources/fonts/NotoSansRunic-Regular.ttf
7fdf3e337000-7fdf3e33f000 r--p 00000000 00:18 7408331                    /opt/bitwig-studio/resources/fonts/NotoSansLao-Regular.ttf
7fdf3e33f000-7fdf3e34e000 r--p 00000000 00:18 7408329                    /opt/bitwig-studio/resources/fonts/NotoSansGurmukhi-Regular.ttf
7fdf3e34e000-7fdf3e382000 r--p 00000000 00:18 7408327                    /opt/bitwig-studio/resources/fonts/NotoSansDevanagari-Regular.ttf
7fdf3e382000-7fdf3e3b1000 r--p 00000000 00:18 7408323                    /opt/bitwig-studio/resources/fonts/NotoSansBengali-Regular.ttf
7fdf3e3b1000-7fdf3f35c000 r--p 00000000 00:18 7408324                    /opt/bitwig-studio/resources/fonts/NotoSansCJKjp-Regular.otf
7fdf3f35c000-7fdf3f3fd000 r--p 00000000 00:18 7408318                    /opt/bitwig-studio/resources/fonts/Lato-Regular.ttf
7fdf3f3fd000-7fdf3f5fd000 rw-p 00000000 00:00 0 
7fdf3f5fd000-7fdf3f600000 ---p 00000000 00:00 0 
7fdf3f600000-7fdf3f6fe000 rw-p 00000000 00:00 0 
7fdf3f6fe000-7fdf3f701000 ---p 00000000 00:00 0 
7fdf3f701000-7fdf3f7ff000 rw-p 00000000 00:00 0 
7fdf3f7ff000-7fdf3f800000 ---p 00000000 00:00 0 
7fdf3f800000-7fdf40000000 rw-p 00000000 00:00 0 
7fdf40000000-7fdf40021000 rw-p 00000000 00:00 0 
7fdf40021000-7fdf44000000 ---p 00000000 00:00 0 
7fdf44000000-7fdf4408f000 rw-p 00000000 00:00 0 
7fdf4408f000-7fdf48000000 ---p 00000000 00:00 0 
7fdf48000000-7fdf481a7000 rw-p 00000000 00:00 0 
7fdf481a7000-7fdf4c000000 ---p 00000000 00:00 0 
7fdf4c000000-7fdf4c021000 rw-p 00000000 00:00 0 
7fdf4c021000-7fdf50000000 ---p 00000000 00:00 0 
7fdf50000000-7fdf50021000 rw-p 00000000 00:00 0 
7fdf50021000-7fdf54000000 ---p 00000000 00:00 0 
7fdf54000000-7fdf54021000 rw-p 00000000 00:00 0 
7fdf54021000-7fdf58000000 ---p 00000000 00:00 0 
7fdf58000000-7fdf58021000 rw-p 00000000 00:00 0 
7fdf58021000-7fdf5c000000 ---p 00000000 00:00 0 
7fdf5c000000-7fdf5c001000 rw-s 00000000 00:1b 97                         /dev/shm/sem.L98vj7wfNpY0tcXnRlowSQ==
7fdf5c001000-7fdf5c019000 r--p 00000000 00:18 7408326                    /opt/bitwig-studio/resources/fonts/NotoSansCherokee-Regular.ttf
7fdf5c019000-7fdf5c047000 r--p 00000000 00:18 7408321                    /opt/bitwig-studio/resources/fonts/NotoSansArabic-Regular.ttf
7fdf5c047000-7fdf5c086000 r-xp 00000000 00:2f 53                         /tmp/bitwig-bresilla/usb4java3695884568035136365.tmp/libusb4java.so
7fdf5c086000-7fdf5c285000 ---p 0003f000 00:2f 53                         /tmp/bitwig-bresilla/usb4java3695884568035136365.tmp/libusb4java.so
7fdf5c285000-7fdf5c288000 rw-p 0003e000 00:2f 53                         /tmp/bitwig-bresilla/usb4java3695884568035136365.tmp/libusb4java.so
7fdf5c288000-7fdf5c315000 r--p 00000000 00:18 7746138                    /home/bresilla/.BitwigStudio/index/AB2D673D51D2DED3663CA6106160B42F-audio.index
7fdf5c315000-7fdf5c35c000 r--p 00000000 00:18 7746162                    /home/bresilla/.BitwigStudio/index/AAA94B228FE12085F6814D27DA9FC357-bitwig-presets.index
7fdf5c35c000-7fdf5c35f000 ---p 00000000 00:00 0 
7fdf5c35f000-7fdf5c45d000 rw-p 00000000 00:00 0 
7fdf5c45d000-7fdf5c460000 ---p 00000000 00:00 0 
7fdf5c460000-7fdf5c55e000 rw-p 00000000 00:00 0 
7fdf5c55e000-7fdf5c561000 ---p 00000000 00:00 0 
7fdf5c561000-7fdf5c85f000 rw-p 00000000 00:00 0 
7fdf5c85f000-7fdf5c862000 ---p 00000000 00:00 0 
7fdf5c862000-7fdf5c960000 rw-p 00000000 00:00 0 
7fdf5c960000-7fdf5c9f5000 r--p 00000000 00:18 7404458                    /opt/bitwig-studio/lib/bitwig-studio/libcairo-freetype-font-system.so
7fdf5c9f5000-7fdf5cac3000 r-xp 00095000 00:18 7404458                    /opt/bitwig-studio/lib/bitwig-studio/libcairo-freetype-font-system.so
7fdf5cac3000-7fdf5cb3b000 r--p 00163000 00:18 7404458                    /opt/bitwig-studio/lib/bitwig-studio/libcairo-freetype-font-system.so
7fdf5cb3b000-7fdf5cb47000 r--p 001da000 00:18 7404458                    /opt/bitwig-studio/lib/bitwig-studio/libcairo-freetype-font-system.so
7fdf5cb47000-7fdf5cb4a000 rw-p 001e6000 00:18 7404458                    /opt/bitwig-studio/lib/bitwig-studio/libcairo-freetype-font-system.so
7fdf5cb4a000-7fdf5cb4d000 rw-p 00000000 00:00 0 
7fdf5cb4d000-7fdf5cb50000 ---p 00000000 00:00 0 
7fdf5cb50000-7fdf5cc4e000 rw-p 00000000 00:00 0 
7fdf5cc4e000-7fdf5cce8000 r--p 00000000 00:18 7404459                    /opt/bitwig-studio/lib/bitwig-studio/libcairo-graphics.so
7fdf5cce8000-7fdf5cdb9000 r-xp 0009a000 00:18 7404459                    /opt/bitwig-studio/lib/bitwig-studio/libcairo-graphics.so
7fdf5cdb9000-7fdf5ce32000 r--p 0016b000 00:18 7404459                    /opt/bitwig-studio/lib/bitwig-studio/libcairo-graphics.so
7fdf5ce32000-7fdf5ce3e000 r--p 001e3000 00:18 7404459                    /opt/bitwig-studio/lib/bitwig-studio/libcairo-graphics.so
7fdf5ce3e000-7fdf5ce41000 rw-p 001ef000 00:18 7404459                    /opt/bitwig-studio/lib/bitwig-studio/libcairo-graphics.so
7fdf5ce41000-7fdf5ce44000 rw-p 00000000 00:00 0 
7fdf5ce44000-7fdf5ce85000 r--p 00000000 00:18 6404780                    /usr/lib/libGLdispatch.so.0.0.0
7fdf5ce85000-7fdf5cea4000 r-xp 00041000 00:18 6404780                    /usr/lib/libGLdispatch.so.0.0.0
7fdf5cea4000-7fdf5ceb8000 r--p 00060000 00:18 6404780                    /usr/lib/libGLdispatch.so.0.0.0
7fdf5ceb8000-7fdf5cee1000 r--p 00073000 00:18 6404780                    /usr/lib/libGLdispatch.so.0.0.0
7fdf5cee1000-7fdf5cee2000 rw-p 0009c000 00:18 6404780                    /usr/lib/libGLdispatch.so.0.0.0
7fdf5cee2000-7fdf5cf02000 rw-p 00000000 00:00 0 
7fdf5cf02000-7fdf5cf06000 r--p 00000000 00:18 63370                      /usr/lib/libXext.so.6.4.0
7fdf5cf06000-7fdf5cf11000 r-xp 00004000 00:18 63370                      /usr/lib/libXext.so.6.4.0
7fdf5cf11000-7fdf5cf15000 r--p 0000f000 00:18 63370                      /usr/lib/libXext.so.6.4.0
7fdf5cf15000-7fdf5cf16000 r--p 00012000 00:18 63370                      /usr/lib/libXext.so.6.4.0
7fdf5cf16000-7fdf5cf17000 rw-p 00013000 00:18 63370                      /usr/lib/libXext.so.6.4.0
7fdf5cf17000-7fdf5cf1a000 r--p 00000000 00:18 6404777                    /usr/lib/libGLX.so.0.0.0
7fdf5cf1a000-7fdf5cf25000 r-xp 00003000 00:18 6404777                    /usr/lib/libGLX.so.0.0.0
7fdf5cf25000-7fdf5cf28000 r--p 0000e000 00:18 6404777                    /usr/lib/libGLX.so.0.0.0
7fdf5cf28000-7fdf5cf29000 ---p 00011000 00:18 6404777                    /usr/lib/libGLX.so.0.0.0
7fdf5cf29000-7fdf5cf2a000 r--p 00011000 00:18 6404777                    /usr/lib/libGLX.so.0.0.0
7fdf5cf2a000-7fdf5cf2b000 rw-p 00012000 00:18 6404777                    /usr/lib/libGLX.so.0.0.0
7fdf5cf2b000-7fdf5cf4b000 rw-p 00000000 00:00 0 
7fdf5cf4b000-7fdf5cf65000 r-xp 00000000 00:18 7404456                    /opt/bitwig-studio/lib/bitwig-studio/libbsd.so.0
7fdf5cf65000-7fdf5cf66000 ---p 0001a000 00:18 7404456                    /opt/bitwig-studio/lib/bitwig-studio/libbsd.so.0
7fdf5cf66000-7fdf5cf67000 r--p 0001a000 00:18 7404456                    /opt/bitwig-studio/lib/bitwig-studio/libbsd.so.0
7fdf5cf67000-7fdf5cf68000 rw-p 0001b000 00:18 7404456                    /opt/bitwig-studio/lib/bitwig-studio/libbsd.so.0
7fdf5cf68000-7fdf5cf69000 rw-p 00000000 00:00 0 
7fdf5cf69000-7fdf5cf85000 r--p 00000000 00:18 7679847                    /usr/lib/libX11.so.6.3.0
7fdf5cf85000-7fdf5d00e000 r-xp 0001c000 00:18 7679847                    /usr/lib/libX11.so.6.3.0
7fdf5d00e000-7fdf5d0a2000 r--p 000a5000 00:18 7679847                    /usr/lib/libX11.so.6.3.0
7fdf5d0a2000-7fdf5d0a5000 r--p 00138000 00:18 7679847                    /usr/lib/libX11.so.6.3.0
7fdf5d0a5000-7fdf5d0a9000 rw-p 0013b000 00:18 7679847                    /usr/lib/libX11.so.6.3.0
7fdf5d0a9000-7fdf5d0ae000 r-xp 00000000 00:18 63479                      /usr/lib/libXfixes.so.3.1.0
7fdf5d0ae000-7fdf5d2ad000 ---p 00005000 00:18 63479                      /usr/lib/libXfixes.so.3.1.0
7fdf5d2ad000-7fdf5d2ae000 r--p 00004000 00:18 63479                      /usr/lib/libXfixes.so.3.1.0
7fdf5d2ae000-7fdf5d2af000 rw-p 00005000 00:18 63479                      /usr/lib/libXfixes.so.3.1.0
7fdf5d2af000-7fdf5d2b1000 r--p 00000000 00:18 73965                      /usr/lib/libXrender.so.1.3.0
7fdf5d2b1000-7fdf5d2b8000 r-xp 00002000 00:18 73965                      /usr/lib/libXrender.so.1.3.0
7fdf5d2b8000-7fdf5d2ba000 r--p 00009000 00:18 73965                      /usr/lib/libXrender.so.1.3.0
7fdf5d2ba000-7fdf5d2bb000 r--p 0000a000 00:18 73965                      /usr/lib/libXrender.so.1.3.0
7fdf5d2bb000-7fdf5d2bc000 rw-p 0000b000 00:18 73965                      /usr/lib/libXrender.so.1.3.0
7fdf5d2bc000-7fdf5d35c000 r-xp 00000000 00:18 7404463                    /opt/bitwig-studio/lib/bitwig-studio/libharfbuzz.so.0
7fdf5d35c000-7fdf5d35d000 ---p 000a0000 00:18 7404463                    /opt/bitwig-studio/lib/bitwig-studio/libharfbuzz.so.0
7fdf5d35d000-7fdf5d35e000 r--p 000a0000 00:18 7404463                    /opt/bitwig-studio/lib/bitwig-studio/libharfbuzz.so.0
7fdf5d35e000-7fdf5d35f000 rw-p 000a1000 00:18 7404463                    /opt/bitwig-studio/lib/bitwig-studio/libharfbuzz.so.0
7fdf5d35f000-7fdf5d361000 r--p 00000000 00:18 6854664                    /usr/lib/libbz2.so.1.0.8
7fdf5d361000-7fdf5d36e000 r-xp 00002000 00:18 6854664                    /usr/lib/libbz2.so.1.0.8
7fdf5d36e000-7fdf5d370000 r--p 0000f000 00:18 6854664                    /usr/lib/libbz2.so.1.0.8
7fdf5d370000-7fdf5d371000 r--p 00010000 00:18 6854664                    /usr/lib/libbz2.so.1.0.8
7fdf5d371000-7fdf5d372000 rw-p 00011000 00:18 6854664                    /usr/lib/libbz2.so.1.0.8
7fdf5d372000-7fdf5d38e000 r-xp 00000000 00:18 7404475                    /opt/bitwig-studio/lib/bitwig-studio/libz.so.1
7fdf5d38e000-7fdf5d38f000 r--p 0001b000 00:18 7404475                    /opt/bitwig-studio/lib/bitwig-studio/libz.so.1
7fdf5d38f000-7fdf5d390000 rw-p 0001c000 00:18 7404475                    /opt/bitwig-studio/lib/bitwig-studio/libz.so.1
7fdf5d390000-7fdf5d39d000 r-xp 00000000 00:18 7404469                    /opt/bitwig-studio/lib/bitwig-studio/libxcb-render.so.0
7fdf5d39d000-7fdf5d39e000 r--p 0000c000 00:18 7404469                    /opt/bitwig-studio/lib/bitwig-studio/libxcb-render.so.0
7fdf5d39e000-7fdf5d39f000 rw-p 0000d000 00:18 7404469                    /opt/bitwig-studio/lib/bitwig-studio/libxcb-render.so.0
7fdf5d39f000-7fdf5d3e1000 r-xp 00000000 00:18 7404465                    /opt/bitwig-studio/lib/bitwig-studio/libpng16.so.16
7fdf5d3e1000-7fdf5d3e2000 r--p 00041000 00:18 7404465                    /opt/bitwig-studio/lib/bitwig-studio/libpng16.so.16
7fdf5d3e2000-7fdf5d3e3000 rw-p 00042000 00:18 7404465                    /opt/bitwig-studio/lib/bitwig-studio/libpng16.so.16
7fdf5d3e3000-7fdf5d3ee000 r--p 00000000 00:18 67756                      /usr/lib/libpixman-1.so.0.38.4
7fdf5d3ee000-7fdf5d474000 r-xp 0000b000 00:18 67756                      /usr/lib/libpixman-1.so.0.38.4
7fdf5d474000-7fdf5d484000 r--p 00091000 00:18 67756                      /usr/lib/libpixman-1.so.0.38.4
7fdf5d484000-7fdf5d48c000 r--p 000a0000 00:18 67756                      /usr/lib/libpixman-1.so.0.38.4
7fdf5d48c000-7fdf5d48d000 rw-p 000a8000 00:18 67756                      /usr/lib/libpixman-1.so.0.38.4
7fdf5d48d000-7fdf5d4a6000 r-xp 00000000 00:18 7404473                    /opt/bitwig-studio/lib/bitwig-studio/libxcb-xkb.so.1
7fdf5d4a6000-7fdf5d6a5000 ---p 00019000 00:18 7404473                    /opt/bitwig-studio/lib/bitwig-studio/libxcb-xkb.so.1
7fdf5d6a5000-7fdf5d6a6000 r--p 00018000 00:18 7404473                    /opt/bitwig-studio/lib/bitwig-studio/libxcb-xkb.so.1
7fdf5d6a6000-7fdf5d6a7000 rw-p 00019000 00:18 7404473                    /opt/bitwig-studio/lib/bitwig-studio/libxcb-xkb.so.1
7fdf5d6a7000-7fdf5d748000 r--p 00000000 00:18 7404466                    /opt/bitwig-studio/lib/bitwig-studio/libx11-windowing-system.so
7fdf5d748000-7fdf5d84a000 r-xp 000a1000 00:18 7404466                    /opt/bitwig-studio/lib/bitwig-studio/libx11-windowing-system.so
7fdf5d84a000-7fdf5d8e3000 r--p 001a3000 00:18 7404466                    /opt/bitwig-studio/lib/bitwig-studio/libx11-windowing-system.so
7fdf5d8e3000-7fdf5d8f0000 r--p 0023b000 00:18 7404466                    /opt/bitwig-studio/lib/bitwig-studio/libx11-windowing-system.so
7fdf5d8f0000-7fdf5d8f4000 rw-p 00248000 00:18 7404466                    /opt/bitwig-studio/lib/bitwig-studio/libx11-windowing-system.so
7fdf5d8f4000-7fdf5daf7000 rw-p 00000000 00:00 0 
7fdf5daf7000-7fdf5dafe000 r--p 00000000 00:18 7408330                    /opt/bitwig-studio/resources/fonts/NotoSansHebrew-Regular.ttf
7fdf5dafe000-7fdf5db40000 r--p 00000000 00:18 6404771                    /usr/lib/libGL.so.1.7.0
7fdf5db40000-7fdf5db60000 r-xp 00042000 00:18 6404771                    /usr/lib/libGL.so.1.7.0
7fdf5db60000-7fdf5db75000 r--p 00062000 00:18 6404771                    /usr/lib/libGL.so.1.7.0
7fdf5db75000-7fdf5db90000 r--p 00076000 00:18 6404771                    /usr/lib/libGL.so.1.7.0
7fdf5db90000-7fdf5db91000 rw-p 00091000 00:18 6404771                    /usr/lib/libGL.so.1.7.0
7fdf5db91000-7fdf5db92000 rw-p 00000000 00:00 0 
7fdf5db92000-7fdf5db9d000 r--p 00000000 00:18 7408328                    /opt/bitwig-studio/resources/fonts/NotoSansGeorgian-Regular.ttf
7fdf5db9d000-7fdf5dba5000 r--p 00000000 00:18 7408322                    /opt/bitwig-studio/resources/fonts/NotoSansArmenian-Regular.ttf
7fdf5dba5000-7fdf5dba6000 r--p 00000000 00:18 8018170                    /home/bresilla/.BitwigStudio/index/CBA3440E1890AC675F841B317BF4D75A-vst2.index
7fdf5dba6000-7fdf5dba9000 r--p 00000000 00:18 7750040                    /home/bresilla/.BitwigStudio/index/8410BA1EBA76E3C3022761CCDEDA6635-vst-preset.index
7fdf5dba9000-7fdf5dbb4000 r--p 00000000 00:18 7749921                    /home/bresilla/.BitwigStudio/index/8410BA1EBA76E3C3022761CCDEDA6635-midi.index
7fdf5dbb4000-7fdf5dbc0000 r--p 00000000 00:18 7746683                    /home/bresilla/.BitwigStudio/index/2B740B56236F3A38B1A21A3A7AD5F1D3-clips.index
7fdf5dbc0000-7fdf5dbc4000 r--p 00000000 00:18 7747363                    /home/bresilla/.BitwigStudio/index/9968AD4AD283C19B4F00B9A721F0518C-bitwig-multi-samples.index
7fdf5dbc4000-7fdf5dbed000 r-xp 00000000 00:18 7404474                    /opt/bitwig-studio/lib/bitwig-studio/libxcb.so.1
7fdf5dbed000-7fdf5dbee000 r--p 00028000 00:18 7404474                    /opt/bitwig-studio/lib/bitwig-studio/libxcb.so.1
7fdf5dbee000-7fdf5dbef000 rw-p 00029000 00:18 7404474                    /opt/bitwig-studio/lib/bitwig-studio/libxcb.so.1
7fdf5dbef000-7fdf5dd03000 r-xp 00000000 00:18 7404460                    /opt/bitwig-studio/lib/bitwig-studio/libcairo.so.2
7fdf5dd03000-7fdf5dd04000 ---p 00114000 00:18 7404460                    /opt/bitwig-studio/lib/bitwig-studio/libcairo.so.2
7fdf5dd04000-7fdf5dd06000 r--p 00114000 00:18 7404460                    /opt/bitwig-studio/lib/bitwig-studio/libcairo.so.2
7fdf5dd06000-7fdf5dd07000 rw-p 00116000 00:18 7404460                    /opt/bitwig-studio/lib/bitwig-studio/libcairo.so.2
7fdf5dd07000-7fdf5df09000 rw-p 00000000 00:00 0 
7fdf5df09000-7fdf5dfbc000 r-xp 00000000 00:2f 51                         /tmp/bitwig-bresilla/sqlite-3.8.0-amd64-libsqlitejdbc.so
7fdf5dfbc000-7fdf5e1bc000 ---p 000b3000 00:2f 51                         /tmp/bitwig-bresilla/sqlite-3.8.0-amd64-libsqlitejdbc.so
7fdf5e1bc000-7fdf5e1c0000 rw-p 000b3000 00:2f 51                         /tmp/bitwig-bresilla/sqlite-3.8.0-amd64-libsqlitejdbc.so
7fdf5e1c0000-7fdf5e3c1000 rw-p 00000000 00:00 0 
7fdf5e3c1000-7fdf5e5c1000 rw-p 00000000 00:00 0 
7fdf5e5c1000-7fdf5e5f9000 r-xp 00000000 00:18 7404583                    /opt/bitwig-studio/lib/jre/lib/amd64/libsunec.so
7fdf5e5f9000-7fdf5e7f8000 ---p 00038000 00:18 7404583                    /opt/bitwig-studio/lib/jre/lib/amd64/libsunec.so
7fdf5e7f8000-7fdf5e7fd000 r--p 00037000 00:18 7404583                    /opt/bitwig-studio/lib/jre/lib/amd64/libsunec.so
7fdf5e7fd000-7fdf5e7ff000 rw-p 0003c000 00:18 7404583                    /opt/bitwig-studio/lib/jre/lib/amd64/libsunec.so
7fdf5e7ff000-7fdf60000000 rw-p 00000000 00:00 0 
7fdf60000000-7fdf60021000 rw-p 00000000 00:00 0 
7fdf60021000-7fdf64000000 ---p 00000000 00:00 0 
7fdf64000000-7fdf64004000 r--p 00000000 00:18 7734600                    /home/bresilla/.BitwigStudio/index/0EF29B9218BBB3ED6E30C3933F128D65-modules.index
7fdf64004000-7fdf6409b000 r--p 00000000 00:18 7404455                    /opt/bitwig-studio/lib/bitwig-studio/libbase-platform.so
7fdf6409b000-7fdf6416c000 r-xp 00097000 00:18 7404455                    /opt/bitwig-studio/lib/bitwig-studio/libbase-platform.so
7fdf6416c000-7fdf641e5000 r--p 00168000 00:18 7404455                    /opt/bitwig-studio/lib/bitwig-studio/libbase-platform.so
7fdf641e5000-7fdf641f1000 r--p 001e0000 00:18 7404455                    /opt/bitwig-studio/lib/bitwig-studio/libbase-platform.so
7fdf641f1000-7fdf641f4000 rw-p 001ec000 00:18 7404455                    /opt/bitwig-studio/lib/bitwig-studio/libbase-platform.so
7fdf641f4000-7fdf641f7000 rw-p 00000000 00:00 0 
7fdf641f7000-7fdf6420d000 r-xp 00000000 00:18 7404573                    /opt/bitwig-studio/lib/jre/lib/amd64/libnet.so
7fdf6420d000-7fdf6440d000 ---p 00016000 00:18 7404573                    /opt/bitwig-studio/lib/jre/lib/amd64/libnet.so
7fdf6440d000-7fdf6440e000 r--p 00016000 00:18 7404573                    /opt/bitwig-studio/lib/jre/lib/amd64/libnet.so
7fdf6440e000-7fdf6440f000 rw-p 00017000 00:18 7404573                    /opt/bitwig-studio/lib/jre/lib/amd64/libnet.so
7fdf6440f000-7fdf64420000 r-xp 00000000 00:18 7404574                    /opt/bitwig-studio/lib/jre/lib/amd64/libnio.so
7fdf64420000-7fdf6461f000 ---p 00011000 00:18 7404574                    /opt/bitwig-studio/lib/jre/lib/amd64/libnio.so
7fdf6461f000-7fdf64620000 r--p 00010000 00:18 7404574                    /opt/bitwig-studio/lib/jre/lib/amd64/libnio.so
7fdf64620000-7fdf64621000 rw-p 00011000 00:18 7404574                    /opt/bitwig-studio/lib/jre/lib/amd64/libnio.so
7fdf64621000-7fdf64821000 rw-p 00000000 00:00 0 
7fdf64821000-7fdf64a21000 rw-p 00000000 00:00 0 
7fdf64a21000-7fdf64c21000 rw-p 00000000 00:00 0 
7fdf64c21000-7fdf64e21000 rw-p 00000000 00:00 0 
7fdf64e21000-7fdf65021000 rw-p 00000000 00:00 0 
7fdf65021000-7fdf65221000 rw-p 00000000 00:00 0 
7fdf65221000-7fdf65421000 rw-p 00000000 00:00 0 
7fdf65421000-7fdf65621000 rw-p 00000000 00:00 0 
7fdf65621000-7fdf65821000 rw-p 00000000 00:00 0 
7fdf65821000-7fdf65a21000 rw-p 00000000 00:00 0 
7fdf65a21000-7fdf65c21000 rw-p 00000000 00:00 0 
7fdf65c21000-7fdf65e21000 rw-p 00000000 00:00 0 
7fdf65e21000-7fdf66021000 rw-p 00000000 00:00 0 
7fdf66021000-7fdf66219000 rw-p 00000000 00:00 0 
7fdf66219000-7fdf66221000 ---p 00000000 00:00 0 
7fdf66221000-7fdf66421000 rw-p 00000000 00:00 0 
7fdf66421000-7fdf66621000 rw-p 00000000 00:00 0 
7fdf66621000-7fdf66821000 rw-p 00000000 00:00 0 
7fdf66821000-7fdf66a21000 rw-p 00000000 00:00 0 
7fdf66a21000-7fdf66c21000 rw-p 00000000 00:00 0 
7fdf66c21000-7fdf66e21000 rw-p 00000000 00:00 0 
7fdf66e21000-7fdf67021000 rw-p 00000000 00:00 0 
7fdf67021000-7fdf67221000 rw-p 00000000 00:00 0 
7fdf67221000-7fdf67421000 rw-p 00000000 00:00 0 
7fdf67421000-7fdf67621000 rw-p 00000000 00:00 0 
7fdf67621000-7fdf67821000 rw-p 00000000 00:00 0 
7fdf67821000-7fdf67a21000 rw-p 00000000 00:00 0 
7fdf67a21000-7fdf67a23000 r--p 00000000 00:18 7749873                    /home/bresilla/.BitwigStudio/index/8410BA1EBA76E3C3022761CCDEDA6635-audio.index
7fdf67a23000-7fdf67a24000 r--p 00000000 00:18 7404462                    /opt/bitwig-studio/lib/bitwig-studio/libgraphics-core.so
7fdf67a24000-7fdf67a25000 r-xp 00001000 00:18 7404462                    /opt/bitwig-studio/lib/bitwig-studio/libgraphics-core.so
7fdf67a25000-7fdf67a26000 r--p 00002000 00:18 7404462                    /opt/bitwig-studio/lib/bitwig-studio/libgraphics-core.so
7fdf67a26000-7fdf67a27000 r--p 00002000 00:18 7404462                    /opt/bitwig-studio/lib/bitwig-studio/libgraphics-core.so
7fdf67a27000-7fdf67a28000 rw-p 00003000 00:18 7404462                    /opt/bitwig-studio/lib/bitwig-studio/libgraphics-core.so
7fdf67a28000-7fdf67a37000 r-xp 00000000 00:18 7404468                    /opt/bitwig-studio/lib/bitwig-studio/libxcb-randr.so.0
7fdf67a37000-7fdf67a38000 ---p 0000f000 00:18 7404468                    /opt/bitwig-studio/lib/bitwig-studio/libxcb-randr.so.0
7fdf67a38000-7fdf67a39000 r--p 0000f000 00:18 7404468                    /opt/bitwig-studio/lib/bitwig-studio/libxcb-randr.so.0
7fdf67a39000-7fdf67a3a000 rw-p 00010000 00:18 7404468                    /opt/bitwig-studio/lib/bitwig-studio/libxcb-randr.so.0
7fdf67a3a000-7fdf67af7000 r-xp 00000000 00:18 7404461                    /opt/bitwig-studio/lib/bitwig-studio/libfreetype.so.6
7fdf67af7000-7fdf67afe000 r--p 000bc000 00:18 7404461                    /opt/bitwig-studio/lib/bitwig-studio/libfreetype.so.6
7fdf67afe000-7fdf67aff000 rw-p 000c3000 00:18 7404461                    /opt/bitwig-studio/lib/bitwig-studio/libfreetype.so.6
7fdf67aff000-7fdf67b02000 ---p 00000000 00:00 0 
7fdf67b02000-7fdf67df9000 rw-p 00000000 00:00 0 
7fdf67df9000-7fdf67e00000 ---p 00000000 00:00 0 
7fdf67e00000-7fdf68000000 rw-p 00000000 00:00 0 
7fdf68000000-7fdf68021000 rw-p 00000000 00:00 0 
7fdf68021000-7fdf6c000000 ---p 00000000 00:00 0 
7fdf6c000000-7fdf6c021000 rw-p 00000000 00:00 0 
7fdf6c021000-7fdf70000000 ---p 00000000 00:00 0 
7fdf70000000-7fdf71473000 rw-p 00000000 00:00 0 
7fdf71473000-7fdf74000000 ---p 00000000 00:00 0 
7fdf74000000-7fdf74021000 rw-p 00000000 00:00 0 
7fdf74021000-7fdf78000000 ---p 00000000 00:00 0 
7fdf78000000-7fdf7a320000 rw-p 00000000 00:00 0 
7fdf7a320000-7fdf7c000000 ---p 00000000 00:00 0 
7fdf7c000000-7fdf7de64000 rw-p 00000000 00:00 0 
7fdf7de64000-7fdf80000000 ---p 00000000 00:00 0 
7fdf80000000-7fdf80021000 rw-p 00000000 00:00 0 
7fdf80021000-7fdf84000000 ---p 00000000 00:00 0 
7fdf84000000-7fdf85cfd000 rw-p 00000000 00:00 0 
7fdf85cfd000-7fdf88000000 ---p 00000000 00:00 0 
7fdf88000000-7fdf88021000 rw-p 00000000 00:00 0 
7fdf88021000-7fdf8c000000 ---p 00000000 00:00 0 
7fdf8c000000-7fdf8c021000 rw-p 00000000 00:00 0 
7fdf8c021000-7fdf90000000 ---p 00000000 00:00 0 
7fdf90000000-7fdf90560000 rw-p 00000000 00:00 0 
7fdf90560000-7fdf94000000 ---p 00000000 00:00 0 
7fdf94000000-7fdf94021000 rw-p 00000000 00:00 0 
7fdf94021000-7fdf98000000 ---p 00000000 00:00 0 
7fdf98000000-7fdf98021000 rw-p 00000000 00:00 0 
7fdf98021000-7fdf9c000000 ---p 00000000 00:00 0 
7fdf9c000000-7fdf9c021000 rw-p 00000000 00:00 0 
7fdf9c021000-7fdfa0000000 ---p 00000000 00:00 0 
7fdfa0000000-7fdfa0021000 rw-p 00000000 00:00 0 
7fdfa0021000-7fdfa4000000 ---p 00000000 00:00 0 
7fdfa4000000-7fdfa4001000 r--p 00000000 00:18 7759065                    /home/bresilla/.BitwigStudio/index/9D96A8843DCDCB0D3EC3FEEA4DB5654B-demo-template.index
7fdfa4001000-7fdfa4002000 r--p 00000000 00:18 7746724                    /home/bresilla/.BitwigStudio/index/9D96A8843DCDCB0D3EC3FEEA4DB5654B-template.index
7fdfa4002000-7fdfa4004000 r--p 00000000 00:18 7734584                    /home/bresilla/.BitwigStudio/index/FC434DF5B18437284FEF386B6775F072-bitwig-devices.index
7fdfa4004000-7fdfa4006000 r-xp 00000000 00:18 7404451                    /opt/bitwig-studio/lib/bitwig-studio/libXau.so.6
7fdfa4006000-7fdfa4007000 ---p 00002000 00:18 7404451                    /opt/bitwig-studio/lib/bitwig-studio/libXau.so.6
7fdfa4007000-7fdfa4008000 r--p 00002000 00:18 7404451                    /opt/bitwig-studio/lib/bitwig-studio/libXau.so.6
7fdfa4008000-7fdfa4009000 rw-p 00003000 00:18 7404451                    /opt/bitwig-studio/lib/bitwig-studio/libXau.so.6
7fdfa4009000-7fdfa400e000 r-xp 00000000 00:18 7404453                    /opt/bitwig-studio/lib/bitwig-studio/libXdmcp.so.6
7fdfa400e000-7fdfa400f000 r--p 00004000 00:18 7404453                    /opt/bitwig-studio/lib/bitwig-studio/libXdmcp.so.6
7fdfa400f000-7fdfa4010000 rw-p 00005000 00:18 7404453                    /opt/bitwig-studio/lib/bitwig-studio/libXdmcp.so.6
7fdfa4010000-7fdfa4014000 r-xp 00000000 00:18 7404471                    /opt/bitwig-studio/lib/bitwig-studio/libxcb-util.so.1
7fdfa4014000-7fdfa4015000 ---p 00004000 00:18 7404471                    /opt/bitwig-studio/lib/bitwig-studio/libxcb-util.so.1
7fdfa4015000-7fdfa4016000 r--p 00004000 00:18 7404471                    /opt/bitwig-studio/lib/bitwig-studio/libxcb-util.so.1
7fdfa4016000-7fdfa4017000 rw-p 00005000 00:18 7404471                    /opt/bitwig-studio/lib/bitwig-studio/libxcb-util.so.1
7fdfa4017000-7fdfa4039000 r-xp 00000000 00:18 7404472                    /opt/bitwig-studio/lib/bitwig-studio/libxcb-xinput.so.0
7fdfa4039000-7fdfa403b000 r--p 00021000 00:18 7404472                    /opt/bitwig-studio/lib/bitwig-studio/libxcb-xinput.so.0
7fdfa403b000-7fdfa403c000 rw-p 00023000 00:18 7404472                    /opt/bitwig-studio/lib/bitwig-studio/libxcb-xinput.so.0
7fdfa403c000-7fdfa403f000 ---p 00000000 00:00 0 
7fdfa403f000-7fdfa432e000 rw-p 00000000 00:00 0 
7fdfa432e000-7fdfa433d000 ---p 00000000 00:00 0 
7fdfa433d000-7fdfa453d000 rw-p 00000000 00:00 0 
7fdfa453d000-7fdfa473d000 rw-p 00000000 00:00 0 
7fdfa473d000-7fdfa492f000 rw-p 00000000 00:00 0 
7fdfa492f000-7fdfa493d000 ---p 00000000 00:00 0 
7fdfa493d000-7fdfa4b3d000 rw-p 00000000 00:00 0 
7fdfa4b3d000-7fdfa4d3d000 rw-p 00000000 00:00 0 
7fdfa4d3d000-7fdfa4f3d000 rw-p 00000000 00:00 0 
7fdfa4f3d000-7fdfa513d000 rw-p 00000000 00:00 0 
7fdfa513d000-7fdfa5140000 ---p 00000000 00:00 0 
7fdfa5140000-7fdfa523e000 rw-p 00000000 00:00 0 
7fdfa523e000-7fdfa5241000 ---p 00000000 00:00 0 
7fdfa5241000-7fdfa5373000 rw-p 00000000 00:00 0 
7fdfa5373000-7fdfa54b0000 r--s 0159b000 00:18 7404441                    /opt/bitwig-studio/bin/libs.jar
7fdfa54b0000-7fdfa5613000 r--s 01668000 00:18 7404440                    /opt/bitwig-studio/bin/bitwig.jar
7fdfa5613000-7fdfa5614000 ---p 00000000 00:00 0 
7fdfa5614000-7fdfa5714000 rw-p 00000000 00:00 0 
7fdfa5714000-7fdfa5717000 ---p 00000000 00:00 0 
7fdfa5717000-7fdfa5815000 rw-p 00000000 00:00 0 
7fdfa5815000-7fdfa5816000 ---p 00000000 00:00 0 
7fdfa5816000-7fdfa5819000 ---p 00000000 00:00 0 
7fdfa5819000-7fdfa5916000 rw-p 00000000 00:00 0 
7fdfa5916000-7fdfa5917000 ---p 00000000 00:00 0 
7fdfa5917000-7fdfa591a000 ---p 00000000 00:00 0 
7fdfa591a000-7fdfa5a17000 rw-p 00000000 00:00 0 
7fdfa5a17000-7fdfa5a18000 ---p 00000000 00:00 0 
7fdfa5a18000-7fdfa5a1b000 ---p 00000000 00:00 0 
7fdfa5a1b000-7fdfa5b18000 rw-p 00000000 00:00 0 
7fdfa5b18000-7fdfa5b19000 ---p 00000000 00:00 0 
7fdfa5b19000-7fdfa5b1c000 ---p 00000000 00:00 0 
7fdfa5b1c000-7fdfa5c19000 rw-p 00000000 00:00 0 
7fdfa5c19000-7fdfa5c1c000 ---p 00000000 00:00 0 
7fdfa5c1c000-7fdfa5d1a000 rw-p 00000000 00:00 0 
7fdfa5d1a000-7fdfa6000000 r--p 00000000 00:18 7837828                    /usr/lib/locale/locale-archive
7fdfa6000000-7fdfa8000000 rw-p 00000000 00:00 0 
7fdfa8000000-7fdfa803b000 rw-p 00000000 00:00 0 
7fdfa803b000-7fdfac000000 ---p 00000000 00:00 0 
7fdfac000000-7fdfac03b000 rw-p 00000000 00:00 0 
7fdfac03b000-7fdfb0000000 ---p 00000000 00:00 0 
7fdfb0000000-7fdfb0057000 rw-p 00000000 00:00 0 
7fdfb0057000-7fdfb4000000 ---p 00000000 00:00 0 
7fdfb4000000-7fdfb4035000 rw-p 00000000 00:00 0 
7fdfb4035000-7fdfb8000000 ---p 00000000 00:00 0 
7fdfb8000000-7fdfb8051000 rw-p 00000000 00:00 0 
7fdfb8051000-7fdfbc000000 ---p 00000000 00:00 0 
7fdfbc000000-7fdfbc045000 rw-p 00000000 00:00 0 
7fdfbc045000-7fdfc0000000 ---p 00000000 00:00 0 
7fdfc0000000-7fdfc003a000 rw-p 00000000 00:00 0 
7fdfc003a000-7fdfc4000000 ---p 00000000 00:00 0 
7fdfc4000000-7fdfc4001000 r--p 00000000 00:18 7777830                    /home/bresilla/.BitwigStudio/index/2314DA801899FD74253826F5441990D3-bitwig-presets.index
7fdfc4001000-7fdfc400b000 r-xp 00000000 00:18 7404452                    /opt/bitwig-studio/lib/bitwig-studio/libXcursor.so.1
7fdfc400b000-7fdfc400c000 r--p 00009000 00:18 7404452                    /opt/bitwig-studio/lib/bitwig-studio/libXcursor.so.1
7fdfc400c000-7fdfc400d000 rw-p 0000a000 00:18 7404452                    /opt/bitwig-studio/lib/bitwig-studio/libXcursor.so.1
7fdfc400d000-7fdfc4032000 r--s 0028a000 00:18 7404442                    /opt/bitwig-studio/bin/lwjgl.jar
7fdfc4032000-7fdfc408f000 rw-p 00000000 00:00 0 
7fdfc408f000-7fdfc4092000 ---p 00000000 00:00 0 
7fdfc4092000-7fdfc4190000 rw-p 00000000 00:00 0 
7fdfc4190000-7fdfc4193000 ---p 00000000 00:00 0 
7fdfc4193000-7fdfc4291000 rw-p 00000000 00:00 0 
7fdfc4291000-7fdfc4294000 ---p 00000000 00:00 0 
7fdfc4294000-7fdfc4392000 rw-p 00000000 00:00 0 
7fdfc4392000-7fdfc4393000 ---p 00000000 00:00 0 
7fdfc4393000-7fdfc44e2000 rw-p 00000000 00:00 0 
7fdfc44e2000-7fdfc46bc000 r--s 03d6f000 00:18 7404838                    /opt/bitwig-studio/lib/jre/lib/rt.jar
7fdfc46bc000-7fdfc4fb5000 rw-p 00000000 00:00 0 
7fdfc4fb5000-7fdfc5249000 rw-p 00000000 00:00 0 
7fdfc5249000-7fdfc524a000 ---p 00000000 00:00 0 
7fdfc524a000-7fdfc5b52000 rw-p 00000000 00:00 0 
7fdfc5b52000-7fdfc5b53000 ---p 00000000 00:00 0 
7fdfc5b53000-7fdfc5c53000 rw-p 00000000 00:00 0 
7fdfc5c53000-7fdfc5c54000 ---p 00000000 00:00 0 
7fdfc5c54000-7fdfc73c4000 rw-p 00000000 00:00 0 
7fdfc73c4000-7fdfc75f9000 ---p 00000000 00:00 0 
7fdfc75f9000-7fdfc7b22000 rw-p 00000000 00:00 0 
7fdfc7b22000-7fdfc7c4a000 ---p 00000000 00:00 0 
7fdfc7c4a000-7fdfc7cca000 rw-p 00000000 00:00 0 
7fdfc7cca000-7fdfc7efe000 ---p 00000000 00:00 0 
7fdfc7efe000-7fdfc7eff000 rw-p 00000000 00:00 0 
7fdfc7eff000-7fdfc7f00000 ---p 00000000 00:00 0 
7fdfc7f00000-7fdfc8000000 rw-p 00000000 00:00 0 
7fdfc8000000-7fdfc8030000 rw-p 00000000 00:00 0 
7fdfc8030000-7fdfcc000000 ---p 00000000 00:00 0 
7fdfcc000000-7fdfcc003000 r--p 00000000 00:18 6854359                    /usr/lib/libgcc_s.so.1
7fdfcc003000-7fdfcc014000 r-xp 00003000 00:18 6854359                    /usr/lib/libgcc_s.so.1
7fdfcc014000-7fdfcc018000 r--p 00014000 00:18 6854359                    /usr/lib/libgcc_s.so.1
7fdfcc018000-7fdfcc019000 r--p 00017000 00:18 6854359                    /usr/lib/libgcc_s.so.1
7fdfcc019000-7fdfcc01a000 rw-p 00018000 00:18 6854359                    /usr/lib/libgcc_s.so.1
7fdfcc01a000-7fdfcc31d000 rw-p 00000000 00:00 0 
7fdfcc31d000-7fdfcc31e000 ---p 00000000 00:00 0 
7fdfcc31e000-7fdfcc41e000 rw-p 00000000 00:00 0 
7fdfcc41e000-7fdfcc41f000 ---p 00000000 00:00 0 
7fdfcc41f000-7fdfcc51f000 rw-p 00000000 00:00 0 
7fdfcc51f000-7fdfcc520000 ---p 00000000 00:00 0 
7fdfcc520000-7fdfcc620000 rw-p 00000000 00:00 0 
7fdfcc620000-7fdfcc621000 ---p 00000000 00:00 0 
7fdfcc621000-7fdfcc721000 rw-p 00000000 00:00 0 
7fdfcc721000-7fdfcc722000 ---p 00000000 00:00 0 
7fdfcc722000-7fdfcc822000 rw-p 00000000 00:00 0 
7fdfcc822000-7fdfcc823000 ---p 00000000 00:00 0 
7fdfcc823000-7fdfcc923000 rw-p 00000000 00:00 0 
7fdfcc923000-7fdfcc924000 ---p 00000000 00:00 0 
7fdfcc924000-7fdfccbbe000 rw-p 00000000 00:00 0 
7fdfccbbe000-7fdfccde4000 ---p 00000000 00:00 0 
7fdfccde4000-7fdfd3464000 rwxp 00000000 00:00 0 
7fdfd3464000-7fdfdbde4000 ---p 00000000 00:00 0 
7fdfdbde4000-7fdfdbdff000 r-xp 00000000 00:18 7404587                    /opt/bitwig-studio/lib/jre/lib/amd64/libzip.so
7fdfdbdff000-7fdfdbffe000 ---p 0001b000 00:18 7404587                    /opt/bitwig-studio/lib/jre/lib/amd64/libzip.so
7fdfdbffe000-7fdfdbfff000 r--p 0001a000 00:18 7404587                    /opt/bitwig-studio/lib/jre/lib/amd64/libzip.so
7fdfdbfff000-7fdfdc000000 rw-p 0001b000 00:18 7404587                    /opt/bitwig-studio/lib/jre/lib/amd64/libzip.so
7fdfdc000000-7fdfdfffe000 rw-p 00000000 00:00 0 
7fdfdfffe000-7fdfe0000000 ---p 00000000 00:00 0 
7fdfe0000000-7fdfe0001000 r--p 00000000 00:18 7679844                    /usr/lib/libX11-xcb.so.1.0.0
7fdfe0001000-7fdfe0002000 r-xp 00001000 00:18 7679844                    /usr/lib/libX11-xcb.so.1.0.0
7fdfe0002000-7fdfe0003000 r--p 00002000 00:18 7679844                    /usr/lib/libX11-xcb.so.1.0.0
7fdfe0003000-7fdfe0004000 r--p 00002000 00:18 7679844                    /usr/lib/libX11-xcb.so.1.0.0
7fdfe0004000-7fdfe0005000 rw-p 00003000 00:18 7679844                    /usr/lib/libX11-xcb.so.1.0.0
7fdfe0005000-7fdfe0050000 rw-p 00000000 00:00 0 
7fdfe0050000-7fdfe007c000 r-xp 00000000 00:18 7404552                    /opt/bitwig-studio/lib/jre/lib/amd64/libjava.so
7fdfe007c000-7fdfe027c000 ---p 0002c000 00:18 7404552                    /opt/bitwig-studio/lib/jre/lib/amd64/libjava.so
7fdfe027c000-7fdfe027d000 r--p 0002c000 00:18 7404552                    /opt/bitwig-studio/lib/jre/lib/amd64/libjava.so
7fdfe027d000-7fdfe027f000 rw-p 0002d000 00:18 7404552                    /opt/bitwig-studio/lib/jre/lib/amd64/libjava.so
7fdfe027f000-7fdfe028c000 r-xp 00000000 00:18 7404586                    /opt/bitwig-studio/lib/jre/lib/amd64/libverify.so
7fdfe028c000-7fdfe048b000 ---p 0000d000 00:18 7404586                    /opt/bitwig-studio/lib/jre/lib/amd64/libverify.so
7fdfe048b000-7fdfe048d000 r--p 0000c000 00:18 7404586                    /opt/bitwig-studio/lib/jre/lib/amd64/libverify.so
7fdfe048d000-7fdfe048e000 rw-p 0000e000 00:18 7404586                    /opt/bitwig-studio/lib/jre/lib/amd64/libverify.so
7fdfe048e000-7fdfe0491000 r--p 00000000 00:18 7837171                    /usr/lib/librt-2.30.so
7fdfe0491000-7fdfe0495000 r-xp 00003000 00:18 7837171                    /usr/lib/librt-2.30.so
7fdfe0495000-7fdfe0497000 r--p 00007000 00:18 7837171                    /usr/lib/librt-2.30.so
7fdfe0497000-7fdfe0498000 r--p 00008000 00:18 7837171                    /usr/lib/librt-2.30.so
7fdfe0498000-7fdfe0499000 rw-p 00009000 00:18 7837171                    /usr/lib/librt-2.30.so
7fdfe0499000-7fdfe049a000 ---p 00000000 00:00 0 
7fdfe049a000-7fdfe049d000 ---p 00000000 00:00 0 
7fdfe049d000-7fdfe059a000 rw-p 00000000 00:00 0 
7fdfe059a000-7fdfe05a9000 r--p 00000000 00:18 7837134                    /usr/lib/libm-2.30.so
7fdfe05a9000-7fdfe0645000 r-xp 0000f000 00:18 7837134                    /usr/lib/libm-2.30.so
7fdfe0645000-7fdfe06de000 r--p 000ab000 00:18 7837134                    /usr/lib/libm-2.30.so
7fdfe06de000-7fdfe06df000 r--p 00143000 00:18 7837134                    /usr/lib/libm-2.30.so
7fdfe06df000-7fdfe06e0000 rw-p 00144000 00:18 7837134                    /usr/lib/libm-2.30.so
7fdfe06e0000-7fdfe13c8000 r-xp 00000000 00:18 7404591                    /opt/bitwig-studio/lib/jre/lib/amd64/server/libjvm.so
7fdfe13c8000-7fdfe15c7000 ---p 00ce8000 00:18 7404591                    /opt/bitwig-studio/lib/jre/lib/amd64/server/libjvm.so
7fdfe15c7000-7fdfe165d000 r--p 00ce7000 00:18 7404591                    /opt/bitwig-studio/lib/jre/lib/amd64/server/libjvm.so
7fdfe165d000-7fdfe168e000 rw-p 00d7d000 00:18 7404591                    /opt/bitwig-studio/lib/jre/lib/amd64/server/libjvm.so
7fdfe168e000-7fdfe16cb000 rw-p 00000000 00:00 0 
7fdfe16cb000-7fdfe16f0000 r--p 00000000 00:18 7837119                    /usr/lib/libc-2.30.so
7fdfe16f0000-7fdfe183d000 r-xp 00025000 00:18 7837119                    /usr/lib/libc-2.30.so
7fdfe183d000-7fdfe1887000 r--p 00172000 00:18 7837119                    /usr/lib/libc-2.30.so
7fdfe1887000-7fdfe1888000 ---p 001bc000 00:18 7837119                    /usr/lib/libc-2.30.so
7fdfe1888000-7fdfe188b000 r--p 001bc000 00:18 7837119                    /usr/lib/libc-2.30.so
7fdfe188b000-7fdfe188e000 rw-p 001bf000 00:18 7837119                    /usr/lib/libc-2.30.so
7fdfe188e000-7fdfe1892000 rw-p 00000000 00:00 0 
7fdfe1892000-7fdfe1893000 r--p 00000000 00:18 7837128                    /usr/lib/libdl-2.30.so
7fdfe1893000-7fdfe1894000 r-xp 00001000 00:18 7837128                    /usr/lib/libdl-2.30.so
7fdfe1894000-7fdfe1895000 r--p 00002000 00:18 7837128                    /usr/lib/libdl-2.30.so
7fdfe1895000-7fdfe1896000 r--p 00002000 00:18 7837128                    /usr/lib/libdl-2.30.so
7fdfe1896000-7fdfe1897000 rw-p 00003000 00:18 7837128                    /usr/lib/libdl-2.30.so
7fdfe1897000-7fdfe18ae000 r-xp 00000000 00:18 7404524                    /opt/bitwig-studio/lib/jre/lib/amd64/jli/libjli.so
7fdfe18ae000-7fdfe1aad000 ---p 00017000 00:18 7404524                    /opt/bitwig-studio/lib/jre/lib/amd64/jli/libjli.so
7fdfe1aad000-7fdfe1aae000 r--p 00016000 00:18 7404524                    /opt/bitwig-studio/lib/jre/lib/amd64/jli/libjli.so
7fdfe1aae000-7fdfe1aaf000 rw-p 00017000 00:18 7404524                    /opt/bitwig-studio/lib/jre/lib/amd64/jli/libjli.so
7fdfe1aaf000-7fdfe1ab6000 r--p 00000000 00:18 7837163                    /usr/lib/libpthread-2.30.so
7fdfe1ab6000-7fdfe1ac6000 r-xp 00007000 00:18 7837163                    /usr/lib/libpthread-2.30.so
7fdfe1ac6000-7fdfe1acb000 r--p 00017000 00:18 7837163                    /usr/lib/libpthread-2.30.so
7fdfe1acb000-7fdfe1acc000 r--p 0001b000 00:18 7837163                    /usr/lib/libpthread-2.30.so
7fdfe1acc000-7fdfe1acd000 rw-p 0001c000 00:18 7837163                    /usr/lib/libpthread-2.30.so
7fdfe1acd000-7fdfe1ad3000 rw-p 00000000 00:00 0 
7fdfe1ad3000-7fdfe1ad4000 r--p 00000000 00:18 7734594                    /home/bresilla/.BitwigStudio/index/A2926B896A975F443C78B6AF3ADF1067-modulators.index
7fdfe1ad4000-7fdfe1ad6000 r-xp 00000000 00:18 7404470                    /opt/bitwig-studio/lib/bitwig-studio/libxcb-shm.so.0
7fdfe1ad6000-7fdfe1ad7000 ---p 00002000 00:18 7404470                    /opt/bitwig-studio/lib/bitwig-studio/libxcb-shm.so.0
7fdfe1ad7000-7fdfe1ad8000 r--p 00002000 00:18 7404470                    /opt/bitwig-studio/lib/bitwig-studio/libxcb-shm.so.0
7fdfe1ad8000-7fdfe1ad9000 rw-p 00003000 00:18 7404470                    /opt/bitwig-studio/lib/bitwig-studio/libxcb-shm.so.0
7fdfe1ad9000-7fdfe1add000 r-xp 00000000 00:18 7404467                    /opt/bitwig-studio/lib/bitwig-studio/libxcb-icccm.so.4
7fdfe1add000-7fdfe1ade000 r--p 00003000 00:18 7404467                    /opt/bitwig-studio/lib/bitwig-studio/libxcb-icccm.so.4
7fdfe1ade000-7fdfe1adf000 rw-p 00004000 00:18 7404467                    /opt/bitwig-studio/lib/bitwig-studio/libxcb-icccm.so.4
7fdfe1adf000-7fdfe1ae1000 r--s 00009000 00:18 7404722                    /opt/bitwig-studio/lib/jre/lib/ext/sunec.jar
7fdfe1ae1000-7fdfe1ae4000 r--s 0001a000 00:18 7404767                    /opt/bitwig-studio/lib/jre/lib/jce.jar
7fdfe1ae4000-7fdfe1ae8000 r--s 000a1000 00:18 7404774                    /opt/bitwig-studio/lib/jre/lib/jsse.jar
7fdfe1ae8000-7fdfe1af0000 rw-s 00000000 00:2f 50                         /tmp/hsperfdata_bresilla/2976864
7fdfe1af0000-7fdfe1af3000 r--p 00000000 00:18 7837156                    /usr/lib/libnss_files-2.30.so
7fdfe1af3000-7fdfe1afa000 r-xp 00003000 00:18 7837156                    /usr/lib/libnss_files-2.30.so
7fdfe1afa000-7fdfe1afc000 r--p 0000a000 00:18 7837156                    /usr/lib/libnss_files-2.30.so
7fdfe1afc000-7fdfe1afd000 r--p 0000b000 00:18 7837156                    /usr/lib/libnss_files-2.30.so
7fdfe1afd000-7fdfe1afe000 rw-p 0000c000 00:18 7837156                    /usr/lib/libnss_files-2.30.so
7fdfe1afe000-7fdfe1b05000 rw-p 00000000 00:00 0 
7fdfe1b05000-7fdfe1b07000 r--p 00000000 00:18 7837108                    /usr/lib/ld-2.30.so
7fdfe1b07000-7fdfe1b26000 r-xp 00002000 00:18 7837108                    /usr/lib/ld-2.30.so
7fdfe1b26000-7fdfe1b2e000 r--p 00021000 00:18 7837108                    /usr/lib/ld-2.30.so
7fdfe1b2e000-7fdfe1b2f000 r--p 00000000 00:00 0 
7fdfe1b2f000-7fdfe1b30000 r--p 00029000 00:18 7837108                    /usr/lib/ld-2.30.so
7fdfe1b30000-7fdfe1b31000 rw-p 0002a000 00:18 7837108                    /usr/lib/ld-2.30.so
7fdfe1b31000-7fdfe1b32000 rw-p 00000000 00:00 0 
7ffe24d34000-7ffe24d56000 rw-p 00000000 00:00 0                          [stack]
7ffe24db0000-7ffe24db3000 r--p 00000000 00:00 0                          [vvar]
7ffe24db3000-7ffe24db4000 r-xp 00000000 00:00 0                          [vdso]
ffffffffff600000-ffffffffff601000 --xp 00000000 00:00 0                  [vsyscall]

VM Arguments:
jvm_args: -Xms200m -Xmx2048m -XX:+UseConcMarkSweepGC -Djava.io.tmpdir=/tmp/bitwig-bresilla -DeulaPath=/opt/bitwig-studio/EULA.txt -DengineExecutable=/opt/bitwig-studio/bin/BitwigStudioEngine -DfactoryLibrary=/opt/bitwig-studio/Library -DcontrolScripts=/opt/bitwig-studio/resources/controllers -DresourceLocation=/opt/bitwig-studio/resources -DexecutableDir=/opt/bitwig-studio/bin32 -DexecutableDir64=/opt/bitwig-studio/bin -Dshow-file-dialog-command=/opt/bitwig-studio/bin/show-file-dialog-gtk3 -DsplashPid=2976863 -Dnitro.include=/opt/bitwig-studio/resources/nitro/std -Djava.awt.headless=true -Dawt.toolkit=sun.awt.HToolkit -XX:ErrorFile=./bitwig-studio-jvm-crash.log -XX:-UseLoopPredicate 
java_command: com.bitwig.flt.app.BitwigStudioMain
java_class_path (initial): /opt/bitwig-studio/bin/bitwig.jar:/opt/bitwig-studio/bin/libs.jar:/opt/bitwig-studio/bin/lwjgl.jar
Launcher Type: SUN_STANDARD

Environment Variables:
PATH=/home/bresilla/.zplugin/polaris/bin:/nix/var/nix/profiles/default/bin:/home/bresilla/.nix-profile/bin:/home/bresilla/.nimble/bin:/home/bresilla/.cargo/bin:/home/bresilla/.go/bin:/home/bresilla/.local/bin:/home/bresilla/.sbin:/home/bresilla/.bin:/home/bresilla/.nix-profile/bin:/nix/var/nix/profiles/default/bin:/home/bresilla/.local/bin:/home/bresilla/.nix-profile/bin:/nix/var/nix/profiles/default/bin:/home/bresilla/.local/bin:/usr/local/sbin:/usr/local/bin:/usr/sbin:/usr/bin:/usr/share/bcc/tools:/sbin:/bin:/home/bresilla/.bin:/home/bresilla/.sbin:/home/bresilla/.hack:/usr/games:/usr/local/games:/var/lib/flatpak/exports/bin:/usr/bin/site_perl:/usr/bin/vendor_perl:/usr/bin/core_perl:/var/lib/snapd/snap/bin:/var/lib/flatpak/exports/bin:/usr/bin/site_perl:/usr/bin/vendor_perl:/usr/bin/core_perl
LD_LIBRARY_PATH=/opt/bitwig-studio/lib/bitwig-studio:
SHELL=/usr/bin/zsh
DISPLAY=:0

Signal Handlers:
SIGSEGV: [libjvm.so+0xad3e60], sa_mask[0]=11111111011111111101111111111110, sa_flags=SA_RESTART|SA_SIGINFO
SIGBUS: [libjvm.so+0xad3e60], sa_mask[0]=11111111011111111101111111111110, sa_flags=SA_RESTART|SA_SIGINFO
SIGFPE: [libjvm.so+0x90b880], sa_mask[0]=11111111011111111101111111111110, sa_flags=SA_RESTART|SA_SIGINFO
SIGPIPE: [libjvm.so+0x90b880], sa_mask[0]=11111111011111111101111111111110, sa_flags=SA_RESTART|SA_SIGINFO
SIGXFSZ: [libjvm.so+0x90b880], sa_mask[0]=11111111011111111101111111111110, sa_flags=SA_RESTART|SA_SIGINFO
SIGILL: [libjvm.so+0x90b880], sa_mask[0]=11111111011111111101111111111110, sa_flags=SA_RESTART|SA_SIGINFO
SIGUSR1: SIG_DFL, sa_mask[0]=00000000000000000000000000000000, sa_flags=none
SIGUSR2: [libjvm.so+0x90b750], sa_mask[0]=00000000000000000000000000000000, sa_flags=SA_RESTART|SA_SIGINFO
SIGHUP: [libjvm.so+0x90bd70], sa_mask[0]=11111111011111111101111111111110, sa_flags=SA_RESTART|SA_SIGINFO
SIGINT: [libjvm.so+0x90bd70], sa_mask[0]=11111111011111111101111111111110, sa_flags=SA_RESTART|SA_SIGINFO
SIGTERM: [libjvm.so+0x90bd70], sa_mask[0]=11111111011111111101111111111110, sa_flags=SA_RESTART|SA_SIGINFO
SIGQUIT: [libjvm.so+0x90bd70], sa_mask[0]=11111111011111111101111111111110, sa_flags=SA_RESTART|SA_SIGINFO


---------------  S Y S T E M  ---------------

OS:DISTRIB_ID=ManjaroLinux
DISTRIB_RELEASE=18.1.3
DISTRIB_CODENAME=Juhraya
DISTRIB_DESCRIPTION="Manjaro Linux"

uname:Linux 5.3.14-1-MANJARO #1 SMP PREEMPT Fri Nov 29 10:53:01 UTC 2019 x86_64
libc:glibc 2.30 NPTL 2.30 
rlimit: STACK 8192k, CORE infinity, NPROC 62979, NOFILE 524288, AS infinity
load average:3.69 3.72 3.78

/proc/meminfo:
MemTotal:       16140688 kB
MemFree:         3307044 kB
MemAvailable:   10820780 kB
Buffers:          730132 kB
Cached:          7668528 kB
SwapCached:            0 kB
Active:          7812324 kB
Inactive:        3357536 kB
Active(anon):    3598336 kB
Inactive(anon):   367796 kB
Active(file):    4213988 kB
Inactive(file):  2989740 kB
Unevictable:      727704 kB
Mlocked:              24 kB
SwapTotal:             0 kB
SwapFree:              0 kB
Dirty:              2296 kB
Writeback:             0 kB
AnonPages:       3433440 kB
Mapped:           599296 kB
Shmem:           1236556 kB
KReclaimable:     656176 kB
Slab:             803636 kB
SReclaimable:     656176 kB
SUnreclaim:       147460 kB
KernelStack:        7548 kB
PageTables:        19032 kB
NFS_Unstable:          0 kB
Bounce:                0 kB
WritebackTmp:          0 kB
CommitLimit:     8070344 kB
Committed_AS:    7176836 kB
VmallocTotal:   34359738367 kB
VmallocUsed:       29356 kB
VmallocChunk:          0 kB
Percpu:             4992 kB
HardwareCorrupted:     0 kB
AnonHugePages:     12288 kB
ShmemHugePages:        0 kB
ShmemPmdMapped:        0 kB
HugePages_Total:       0
HugePages_Free:        0
HugePages_Rsvd:        0
HugePages_Surp:        0
Hugepagesize:       2048 kB
Hugetlb:               0 kB
DirectMap4k:      757180 kB
DirectMap2M:    14710784 kB
DirectMap1G:     1048576 kB

container (cgroup) information:
container_type: cgroupv1
cpu_cpuset_cpus: 0-7
cpu_memory_nodes: 0
active_processor_count: 8
cpu_quota: -1
cpu_period: 100000
cpu_shares: -1
memory_limit_in_bytes: -1
memory_and_swap_limit_in_bytes: -1
memory_soft_limit_in_bytes: -1
memory_usage_in_bytes: 7917182976
memory_max_usage_in_bytes: 11435786240


CPU:total 8 (initial active 8) (4 cores per cpu, 2 threads per core) family 6 model 94 stepping 3, cmov, cx8, fxsr, mmx, sse, sse2, sse3, ssse3, sse4.1, sse4.2, popcnt, avx, avx2, aes, clmul, erms, rtm, 3dnowpref, lzcnt, ht, tsc, tscinvbit, bmi1, bmi2, adx

/proc/cpuinfo:
processor	: 0
vendor_id	: GenuineIntel
cpu family	: 6
model		: 94
model name	: Intel(R) Core(TM) i7-6700HQ CPU @ 2.60GHz
stepping	: 3
microcode	: 0xd6
cpu MHz		: 2830.279
cache size	: 6144 KB
physical id	: 0
siblings	: 8
core id		: 0
cpu cores	: 4
apicid		: 0
initial apicid	: 0
fpu		: yes
fpu_exception	: yes
cpuid level	: 22
wp		: yes
flags		: fpu vme de pse tsc msr pae mce cx8 apic sep mtrr pge mca cmov pat pse36 clflush dts acpi mmx fxsr sse sse2 ss ht tm pbe syscall nx pdpe1gb rdtscp lm constant_tsc art arch_perfmon pebs bts rep_good nopl xtopology nonstop_tsc cpuid aperfmperf pni pclmulqdq dtes64 monitor ds_cpl vmx est tm2 ssse3 sdbg fma cx16 xtpr pdcm pcid sse4_1 sse4_2 x2apic movbe popcnt tsc_deadline_timer aes xsave avx f16c rdrand lahf_lm abm 3dnowprefetch cpuid_fault epb invpcid_single pti ssbd ibrs ibpb stibp tpr_shadow vnmi flexpriority ept vpid ept_ad fsgsbase tsc_adjust bmi1 hle avx2 smep bmi2 erms invpcid rtm mpx rdseed adx smap clflushopt intel_pt xsaveopt xsavec xgetbv1 xsaves dtherm ida arat pln pts hwp hwp_notify hwp_act_window hwp_epp md_clear flush_l1d
bugs		: cpu_meltdown spectre_v1 spectre_v2 spec_store_bypass l1tf mds swapgs taa itlb_multihit
bogomips	: 5202.65
clflush size	: 64
cache_alignment	: 64
address sizes	: 39 bits physical, 48 bits virtual
power management:

processor	: 1
vendor_id	: GenuineIntel
cpu family	: 6
model		: 94
model name	: Intel(R) Core(TM) i7-6700HQ CPU @ 2.60GHz
stepping	: 3
microcode	: 0xd6
cpu MHz		: 2830.406
cache size	: 6144 KB
physical id	: 0
siblings	: 8
core id		: 1
cpu cores	: 4
apicid		: 2
initial apicid	: 2
fpu		: yes
fpu_exception	: yes
cpuid level	: 22
wp		: yes
flags		: fpu vme de pse tsc msr pae mce cx8 apic sep mtrr pge mca cmov pat pse36 clflush dts acpi mmx fxsr sse sse2 ss ht tm pbe syscall nx pdpe1gb rdtscp lm constant_tsc art arch_perfmon pebs bts rep_good nopl xtopology nonstop_tsc cpuid aperfmperf pni pclmulqdq dtes64 monitor ds_cpl vmx est tm2 ssse3 sdbg fma cx16 xtpr pdcm pcid sse4_1 sse4_2 x2apic movbe popcnt tsc_deadline_timer aes xsave avx f16c rdrand lahf_lm abm 3dnowprefetch cpuid_fault epb invpcid_single pti ssbd ibrs ibpb stibp tpr_shadow vnmi flexpriority ept vpid ept_ad fsgsbase tsc_adjust bmi1 hle avx2 smep bmi2 erms invpcid rtm mpx rdseed adx smap clflushopt intel_pt xsaveopt xsavec xgetbv1 xsaves dtherm ida arat pln pts hwp hwp_notify hwp_act_window hwp_epp md_clear flush_l1d
bugs		: cpu_meltdown spectre_v1 spectre_v2 spec_store_bypass l1tf mds swapgs taa itlb_multihit
bogomips	: 5202.65
clflush size	: 64
cache_alignment	: 64
address sizes	: 39 bits physical, 48 bits virtual
power management:

processor	: 2
vendor_id	: GenuineIntel
cpu family	: 6
model		: 94
model name	: Intel(R) Core(TM) i7-6700HQ CPU @ 2.60GHz
stepping	: 3
microcode	: 0xd6
cpu MHz		: 2830.525
cache size	: 6144 KB
physical id	: 0
siblings	: 8
core id		: 2
cpu cores	: 4
apicid		: 4
initial apicid	: 4
fpu		: yes
fpu_exception	: yes
cpuid level	: 22
wp		: yes
flags		: fpu vme de pse tsc msr pae mce cx8 apic sep mtrr pge mca cmov pat pse36 clflush dts acpi mmx fxsr sse sse2 ss ht tm pbe syscall nx pdpe1gb rdtscp lm constant_tsc art arch_perfmon pebs bts rep_good nopl xtopology nonstop_tsc cpuid aperfmperf pni pclmulqdq dtes64 monitor ds_cpl vmx est tm2 ssse3 sdbg fma cx16 xtpr pdcm pcid sse4_1 sse4_2 x2apic movbe popcnt tsc_deadline_timer aes xsave avx f16c rdrand lahf_lm abm 3dnowprefetch cpuid_fault epb invpcid_single pti ssbd ibrs ibpb stibp tpr_shadow vnmi flexpriority ept vpid ept_ad fsgsbase tsc_adjust bmi1 hle avx2 smep bmi2 erms invpcid rtm mpx rdseed adx smap clflushopt intel_pt xsaveopt xsavec xgetbv1 xsaves dtherm ida arat pln pts hwp hwp_notify hwp_act_window hwp_epp md_clear flush_l1d
bugs		: cpu_meltdown spectre_v1 spectre_v2 spec_store_bypass l1tf mds swapgs taa itlb_multihit
bogomips	: 5202.65
clflush size	: 64
cache_alignment	: 64
address sizes	: 39 bits physical, 48 bits virtual
power management:

processor	: 3
vendor_id	: GenuineIntel
cpu family	: 6
model		: 94
model name	: Intel(R) Core(TM) i7-6700HQ CPU @ 2.60GHz
stepping	: 3
microcode	: 0xd6
cpu MHz		: 2830.628
cache size	: 6144 KB
physical id	: 0
siblings	: 8
core id		: 3
cpu cores	: 4
apicid		: 6
initial apicid	: 6
fpu		: yes
fpu_exception	: yes
cpuid level	: 22
wp		: yes
flags		: fpu vme de pse tsc msr pae mce cx8 apic sep mtrr pge mca cmov pat pse36 clflush dts acpi mmx fxsr sse sse2 ss ht tm pbe syscall nx pdpe1gb rdtscp lm constant_tsc art arch_perfmon pebs bts rep_good nopl xtopology nonstop_tsc cpuid aperfmperf pni pclmulqdq dtes64 monitor ds_cpl vmx est tm2 ssse3 sdbg fma cx16 xtpr pdcm pcid sse4_1 sse4_2 x2apic movbe popcnt tsc_deadline_timer aes xsave avx f16c rdrand lahf_lm abm 3dnowprefetch cpuid_fault epb invpcid_single pti ssbd ibrs ibpb stibp tpr_shadow vnmi flexpriority ept vpid ept_ad fsgsbase tsc_adjust bmi1 hle avx2 smep bmi2 erms invpcid rtm mpx rdseed adx smap clflushopt intel_pt xsaveopt xsavec xgetbv1 xsaves dtherm ida arat pln pts hwp hwp_notify hwp_act_window hwp_epp md_clear flush_l1d
bugs		: cpu_meltdown spectre_v1 spectre_v2 spec_store_bypass l1tf mds swapgs taa itlb_multihit
bogomips	: 5202.65
clflush size	: 64
cache_alignment	: 64
address sizes	: 39 bits physical, 48 bits virtual
power management:

processor	: 4
vendor_id	: GenuineIntel
cpu family	: 6
model		: 94
model name	: Intel(R) Core(TM) i7-6700HQ CPU @ 2.60GHz
stepping	: 3
microcode	: 0xd6
cpu MHz		: 2884.917
cache size	: 6144 KB
physical id	: 0
siblings	: 8
core id		: 0
cpu cores	: 4
apicid		: 1
initial apicid	: 1
fpu		: yes
fpu_exception	: yes
cpuid level	: 22
wp		: yes
flags		: fpu vme de pse tsc msr pae mce cx8 apic sep mtrr pge mca cmov pat pse36 clflush dts acpi mmx fxsr sse sse2 ss ht tm pbe syscall nx pdpe1gb rdtscp lm constant_tsc art arch_perfmon pebs bts rep_good nopl xtopology nonstop_tsc cpuid aperfmperf pni pclmulqdq dtes64 monitor ds_cpl vmx est tm2 ssse3 sdbg fma cx16 xtpr pdcm pcid sse4_1 sse4_2 x2apic movbe popcnt tsc_deadline_timer aes xsave avx f16c rdrand lahf_lm abm 3dnowprefetch cpuid_fault epb invpcid_single pti ssbd ibrs ibpb stibp tpr_shadow vnmi flexpriority ept vpid ept_ad fsgsbase tsc_adjust bmi1 hle avx2 smep bmi2 erms invpcid rtm mpx rdseed adx smap clflushopt intel_pt xsaveopt xsavec xgetbv1 xsaves dtherm ida arat pln pts hwp hwp_notify hwp_act_window hwp_epp md_clear flush_l1d
bugs		: cpu_meltdown spectre_v1 spectre_v2 spec_store_bypass l1tf mds swapgs taa itlb_multihit
bogomips	: 5202.65
clflush size	: 64
cache_alignment	: 64
address sizes	: 39 bits physical, 48 bits virtual
power management:

processor	: 5
vendor_id	: GenuineIntel
cpu family	: 6
model		: 94
model name	: Intel(R) Core(TM) i7-6700HQ CPU @ 2.60GHz
stepping	: 3
microcode	: 0xd6
cpu MHz		: 2886.937
cache size	: 6144 KB
physical id	: 0
siblings	: 8
core id		: 1
cpu cores	: 4
apicid		: 3
initial apicid	: 3
fpu		: yes
fpu_exception	: yes
cpuid level	: 22
wp		: yes
flags		: fpu vme de pse tsc msr pae mce cx8 apic sep mtrr pge mca cmov pat pse36 clflush dts acpi mmx fxsr sse sse2 ss ht tm pbe syscall nx pdpe1gb rdtscp lm constant_tsc art arch_perfmon pebs bts rep_good nopl xtopology nonstop_tsc cpuid aperfmperf pni pclmulqdq dtes64 monitor ds_cpl vmx est tm2 ssse3 sdbg fma cx16 xtpr pdcm pcid sse4_1 sse4_2 x2apic movbe popcnt tsc_deadline_timer aes xsave avx f16c rdrand lahf_lm abm 3dnowprefetch cpuid_fault epb invpcid_single pti ssbd ibrs ibpb stibp tpr_shadow vnmi flexpriority ept vpid ept_ad fsgsbase tsc_adjust bmi1 hle avx2 smep bmi2 erms invpcid rtm mpx rdseed adx smap clflushopt intel_pt xsaveopt xsavec xgetbv1 xsaves dtherm ida arat pln pts hwp hwp_notify hwp_act_window hwp_epp md_clear flush_l1d
bugs		: cpu_meltdown spectre_v1 spectre_v2 spec_store_bypass l1tf mds swapgs taa itlb_multihit
bogomips	: 5202.65
clflush size	: 64
cache_alignment	: 64
address sizes	: 39 bits physical, 48 bits virtual
power management:

processor	: 6
vendor_id	: GenuineIntel
cpu family	: 6
model		: 94
model name	: Intel(R) Core(TM) i7-6700HQ CPU @ 2.60GHz
stepping	: 3
microcode	: 0xd6
cpu MHz		: 2892.886
cache size	: 6144 KB
physical id	: 0
siblings	: 8
core id		: 2
cpu cores	: 4
apicid		: 5
initial apicid	: 5
fpu		: yes
fpu_exception	: yes
cpuid level	: 22
wp		: yes
flags		: fpu vme de pse tsc msr pae mce cx8 apic sep mtrr pge mca cmov pat pse36 clflush dts acpi mmx fxsr sse sse2 ss ht tm pbe syscall nx pdpe1gb rdtscp lm constant_tsc art arch_perfmon pebs bts rep_good nopl xtopology nonstop_tsc cpuid aperfmperf pni pclmulqdq dtes64 monitor ds_cpl vmx est tm2 ssse3 sdbg fma cx16 xtpr pdcm pcid sse4_1 sse4_2 x2apic movbe popcnt tsc_deadline_timer aes xsave avx f16c rdrand lahf_lm abm 3dnowprefetch cpuid_fault epb invpcid_single pti ssbd ibrs ibpb stibp tpr_shadow vnmi flexpriority ept vpid ept_ad fsgsbase tsc_adjust bmi1 hle avx2 smep bmi2 erms invpcid rtm mpx rdseed adx smap clflushopt intel_pt xsaveopt xsavec xgetbv1 xsaves dtherm ida arat pln pts hwp hwp_notify hwp_act_window hwp_epp md_clear flush_l1d
bugs		: cpu_meltdown spectre_v1 spectre_v2 spec_store_bypass l1tf mds swapgs taa itlb_multihit
bogomips	: 5202.65
clflush size	: 64
cache_alignment	: 64
address sizes	: 39 bits physical, 48 bits virtual
power management:

processor	: 7
vendor_id	: GenuineIntel
cpu family	: 6
model		: 94
model name	: Intel(R) Core(TM) i7-6700HQ CPU @ 2.60GHz
stepping	: 3
microcode	: 0xd6
cpu MHz		: 2886.977
cache size	: 6144 KB
physical id	: 0
siblings	: 8
core id		: 3
cpu cores	: 4
apicid		: 7
initial apicid	: 7
fpu		: yes
fpu_exception	: yes
cpuid level	: 22
wp		: yes
flags		: fpu vme de pse tsc msr pae mce cx8 apic sep mtrr pge mca cmov pat pse36 clflush dts acpi mmx fxsr sse sse2 ss ht tm pbe syscall nx pdpe1gb rdtscp lm constant_tsc art arch_perfmon pebs bts rep_good nopl xtopology nonstop_tsc cpuid aperfmperf pni pclmulqdq dtes64 monitor ds_cpl vmx est tm2 ssse3 sdbg fma cx16 xtpr pdcm pcid sse4_1 sse4_2 x2apic movbe popcnt tsc_deadline_timer aes xsave avx f16c rdrand lahf_lm abm 3dnowprefetch cpuid_fault epb invpcid_single pti ssbd ibrs ibpb stibp tpr_shadow vnmi flexpriority ept vpid ept_ad fsgsbase tsc_adjust bmi1 hle avx2 smep bmi2 erms invpcid rtm mpx rdseed adx smap clflushopt intel_pt xsaveopt xsavec xgetbv1 xsaves dtherm ida arat pln pts hwp hwp_notify hwp_act_window hwp_epp md_clear flush_l1d
bugs		: cpu_meltdown spectre_v1 spectre_v2 spec_store_bypass l1tf mds swapgs taa itlb_multihit
bogomips	: 5202.65
clflush size	: 64
cache_alignment	: 64
address sizes	: 39 bits physical, 48 bits virtual
power management:



Memory: 4k page, physical 16140688k(3358004k free), swap 0k(0k free)

vm_info: Java HotSpot(TM) 64-Bit Server VM (25.201-b09) for linux-amd64 JRE (1.8.0_201-b09), built on Dec 15 2018 11:35:59 by "java_re" with gcc 7.3.0

time: Fri Dec  6 02:45:12 2019
timezone: CET
elapsed time: 7244 seconds (0d 2h 0m 44s)

